{"meta": {"format": 3, "version": "7.13.1", "timestamp": "2026-02-10T17:11:14.498092", "branch_coverage": false, "show_contexts": false}, "files": {"jseeker\\__init__.py": {"executed_lines": [7], "summary": {"covered_lines": 1, "num_statements": 1, "percent_covered": 100.0, "percent_covered_display": "100", "missing_lines": 0, "excluded_lines": 0, "percent_statements_covered": 100.0, "percent_statements_covered_display": "100"}, "missing_lines": [], "excluded_lines": [], "functions": {"": {"executed_lines": [7], "summary": {"covered_lines": 1, "num_statements": 1, "percent_covered": 100.0, "percent_covered_display": "100", "missing_lines": 0, "excluded_lines": 0, "percent_statements_covered": 100.0, "percent_statements_covered_display": "100"}, "missing_lines": [], "excluded_lines": [], "start_line": 1}}, "classes": {"": {"executed_lines": [7], "summary": {"covered_lines": 1, "num_statements": 1, "percent_covered": 100.0, "percent_covered_display": "100", "missing_lines": 0, "excluded_lines": 0, "percent_statements_covered": 100.0, "percent_statements_covered_display": "100"}, "missing_lines": [], "excluded_lines": [], "start_line": 1}}}, "jseeker\\adapter.py": {"executed_lines": [3, 5, 6, 7, 8, 10, 11, 12, 14, 18, 29, 36, 45, 48, 54, 56, 57, 58, 63, 66, 133, 154, 157, 160, 201, 202, 204, 207, 208, 211, 212, 213, 214, 215, 216, 222, 224, 241, 247, 250, 253, 254, 255, 261, 262, 268, 269, 270, 272, 273, 274, 275, 276, 282, 283, 284, 292, 293, 294, 300, 301, 306, 307, 308, 314, 318, 323, 326, 332, 335, 349], "summary": {"covered_lines": 71, "num_statements": 166, "percent_covered": 42.7710843373494, "percent_covered_display": "43", "missing_lines": 95, "excluded_lines": 0, "percent_statements_covered": 42.7710843373494, "percent_statements_covered_display": "43"}, "missing_lines": [49, 50, 51, 59, 60, 61, 62, 83, 86, 87, 88, 93, 98, 99, 100, 103, 104, 106, 110, 120, 121, 126, 128, 129, 130, 155, 161, 163, 169, 170, 171, 173, 174, 175, 181, 183, 184, 187, 188, 189, 190, 193, 194, 195, 198, 199, 242, 327, 328, 329, 330, 345, 346, 357, 358, 360, 363, 364, 367, 368, 369, 372, 373, 374, 375, 381, 383, 386, 387, 388, 398, 399, 401, 402, 404, 405, 406, 407, 418, 419, 422, 423, 425, 426, 432, 433, 434, 441, 442, 443, 444, 445, 446, 448, 453], "excluded_lines": [], "functions": {"get_address_for_language": {"executed_lines": [45], "summary": {"covered_lines": 1, "num_statements": 1, "percent_covered": 100.0, "percent_covered_display": "100", "missing_lines": 0, "excluded_lines": 0, "percent_statements_covered": 100.0, "percent_statements_covered_display": "100"}, "missing_lines": [], "excluded_lines": [], "start_line": 36}, "_load_prompt": {"executed_lines": [], "summary": {"covered_lines": 0, "num_statements": 3, "percent_covered": 0.0, "percent_covered_display": "0", "missing_lines": 3, "excluded_lines": 0, "percent_statements_covered": 0.0, "percent_statements_covered_display": "0"}, "missing_lines": [49, 50, 51], "excluded_lines": [], "start_line": 48}, "_load_preferences": {"executed_lines": [56, 57, 58, 63], "summary": {"covered_lines": 4, "num_statements": 8, "percent_covered": 50.0, "percent_covered_display": "50", "missing_lines": 4, "excluded_lines": 0, "percent_statements_covered": 50.0, "percent_statements_covered_display": "50"}, "missing_lines": [59, 60, 61, 62], "excluded_lines": [], "start_line": 54}, "adapt_summary": {"executed_lines": [], "summary": {"covered_lines": 0, "num_statements": 18, "percent_covered": 0.0, "percent_covered_display": "0", "missing_lines": 18, "excluded_lines": 0, "percent_statements_covered": 0.0, "percent_statements_covered_display": "0"}, "missing_lines": [83, 86, 87, 88, 93, 98, 99, 100, 103, 104, 106, 110, 120, 121, 126, 128, 129, 130], "excluded_lines": [], "start_line": 66}, "adapt_bullets_batch": {"executed_lines": [154, 157, 160, 201, 202, 204, 207, 208, 211, 212, 213, 214, 215, 216, 222, 224, 241, 247, 250, 253, 254, 255, 261, 262, 268, 269, 270, 272, 273, 274, 275, 276, 282, 283, 284, 292, 293, 294, 300, 301, 306, 307, 308, 314, 318, 323, 326, 332], "summary": {"covered_lines": 48, "num_statements": 74, "percent_covered": 64.86486486486487, "percent_covered_display": "65", "missing_lines": 26, "excluded_lines": 0, "percent_statements_covered": 64.86486486486487, "percent_statements_covered_display": "65"}, "missing_lines": [155, 161, 163, 169, 170, 171, 173, 174, 175, 181, 183, 184, 187, 188, 189, 190, 193, 194, 195, 198, 199, 242, 327, 328, 329, 330], "excluded_lines": [], "start_line": 133}, "adapt_bullets": {"executed_lines": [], "summary": {"covered_lines": 0, "num_statements": 2, "percent_covered": 0.0, "percent_covered_display": "0", "missing_lines": 2, "excluded_lines": 0, "percent_statements_covered": 0.0, "percent_statements_covered_display": "0"}, "missing_lines": [345, 346], "excluded_lines": [], "start_line": 335}, "adapt_resume": {"executed_lines": [], "summary": {"covered_lines": 0, "num_statements": 42, "percent_covered": 0.0, "percent_covered_display": "0", "missing_lines": 42, "excluded_lines": 0, "percent_statements_covered": 0.0, "percent_statements_covered_display": "0"}, "missing_lines": [357, 358, 360, 363, 364, 367, 368, 369, 372, 373, 374, 375, 381, 383, 386, 387, 388, 398, 399, 401, 402, 404, 405, 406, 407, 418, 419, 422, 423, 425, 426, 432, 433, 434, 441, 442, 443, 444, 445, 446, 448, 453], "excluded_lines": [], "start_line": 349}, "": {"executed_lines": [3, 5, 6, 7, 8, 10, 11, 12, 14, 18, 29, 36, 48, 54, 66, 133, 335, 349], "summary": {"covered_lines": 18, "num_statements": 18, "percent_covered": 100.0, "percent_covered_display": "100", "missing_lines": 0, "excluded_lines": 0, "percent_statements_covered": 100.0, "percent_statements_covered_display": "100"}, "missing_lines": [], "excluded_lines": [], "start_line": 1}}, "classes": {"": {"executed_lines": [3, 5, 6, 7, 8, 10, 11, 12, 14, 18, 29, 36, 45, 48, 54, 56, 57, 58, 63, 66, 133, 154, 157, 160, 201, 202, 204, 207, 208, 211, 212, 213, 214, 215, 216, 222, 224, 241, 247, 250, 253, 254, 255, 261, 262, 268, 269, 270, 272, 273, 274, 275, 276, 282, 283, 284, 292, 293, 294, 300, 301, 306, 307, 308, 314, 318, 323, 326, 332, 335, 349], "summary": {"covered_lines": 71, "num_statements": 166, "percent_covered": 42.7710843373494, "percent_covered_display": "43", "missing_lines": 95, "excluded_lines": 0, "percent_statements_covered": 42.7710843373494, "percent_statements_covered_display": "43"}, "missing_lines": [49, 50, 51, 59, 60, 61, 62, 83, 86, 87, 88, 93, 98, 99, 100, 103, 104, 106, 110, 120, 121, 126, 128, 129, 130, 155, 161, 163, 169, 170, 171, 173, 174, 175, 181, 183, 184, 187, 188, 189, 190, 193, 194, 195, 198, 199, 242, 327, 328, 329, 330, 345, 346, 357, 358, 360, 363, 364, 367, 368, 369, 372, 373, 374, 375, 381, 383, 386, 387, 388, 398, 399, 401, 402, 404, 405, 406, 407, 418, 419, 422, 423, 425, 426, 432, 433, 434, 441, 442, 443, 444, 445, 446, 448, 453], "excluded_lines": [], "start_line": 1}}}, "jseeker\\ats_scorer.py": {"executed_lines": [3, 5, 6, 7, 9, 11, 12, 15, 21, 23, 24, 25, 27, 28, 31, 77, 82, 83, 84, 85, 87, 88, 91, 92, 93, 94, 96, 99, 100, 101, 104, 105, 106, 107, 108, 109, 110, 111, 113, 114, 115, 117, 119, 126, 192, 194, 195, 196, 197, 199, 202, 221, 236, 237], "summary": {"covered_lines": 54, "num_statements": 109, "percent_covered": 49.54128440366973, "percent_covered_display": "50", "missing_lines": 55, "excluded_lines": 0, "percent_statements_covered": 49.54128440366973, "percent_statements_covered_display": "50"}, "missing_lines": [16, 17, 18, 26, 33, 36, 37, 38, 39, 42, 43, 44, 47, 48, 49, 50, 51, 52, 53, 56, 57, 58, 59, 60, 63, 64, 65, 66, 67, 70, 71, 72, 74, 97, 98, 135, 136, 139, 142, 145, 146, 149, 150, 158, 161, 162, 163, 164, 166, 167, 168, 169, 172, 175, 177], "excluded_lines": [], "functions": {"_load_prompt": {"executed_lines": [], "summary": {"covered_lines": 0, "num_statements": 3, "percent_covered": 0.0, "percent_covered_display": "0", "missing_lines": 3, "excluded_lines": 0, "percent_statements_covered": 0.0, "percent_statements_covered_display": "0"}, "missing_lines": [16, 17, 18], "excluded_lines": [], "start_line": 15}, "_load_ats_profile": {"executed_lines": [23, 24, 25, 27, 28], "summary": {"covered_lines": 5, "num_statements": 6, "percent_covered": 83.33333333333333, "percent_covered_display": "83", "missing_lines": 1, "excluded_lines": 0, "percent_statements_covered": 83.33333333333333, "percent_statements_covered_display": "83"}, "missing_lines": [26], "excluded_lines": [], "start_line": 21}, "_resume_to_text": {"executed_lines": [], "summary": {"covered_lines": 0, "num_statements": 29, "percent_covered": 0.0, "percent_covered_display": "0", "missing_lines": 29, "excluded_lines": 0, "percent_statements_covered": 0.0, "percent_statements_covered_display": "0"}, "missing_lines": [33, 36, 37, 38, 39, 42, 43, 44, 47, 48, 49, 50, 51, 52, 53, 56, 57, 58, 59, 60, 63, 64, 65, 66, 67, 70, 71, 72, 74], "excluded_lines": [], "start_line": 31}, "local_format_score": {"executed_lines": [82, 83, 84, 85, 87, 88, 91, 92, 93, 94, 96, 99, 100, 101, 104, 105, 106, 107, 108, 109, 110, 111, 113, 114, 115, 117, 119], "summary": {"covered_lines": 27, "num_statements": 29, "percent_covered": 93.10344827586206, "percent_covered_display": "93", "missing_lines": 2, "excluded_lines": 0, "percent_statements_covered": 93.10344827586206, "percent_statements_covered_display": "93"}, "missing_lines": [97, 98], "excluded_lines": [], "start_line": 77}, "score_resume": {"executed_lines": [], "summary": {"covered_lines": 0, "num_statements": 20, "percent_covered": 0.0, "percent_covered_display": "0", "missing_lines": 20, "excluded_lines": 0, "percent_statements_covered": 0.0, "percent_statements_covered_display": "0"}, "missing_lines": [135, 136, 139, 142, 145, 146, 149, 150, 158, 161, 162, 163, 164, 166, 167, 168, 169, 172, 175, 177], "excluded_lines": [], "start_line": 126}, "recommend_format": {"executed_lines": [194, 195, 196, 197, 199], "summary": {"covered_lines": 5, "num_statements": 5, "percent_covered": 100.0, "percent_covered_display": "100", "missing_lines": 0, "excluded_lines": 0, "percent_statements_covered": 100.0, "percent_statements_covered_display": "100"}, "missing_lines": [], "excluded_lines": [], "start_line": 192}, "explain_ats_score": {"executed_lines": [221, 236, 237], "summary": {"covered_lines": 3, "num_statements": 3, "percent_covered": 100.0, "percent_covered_display": "100", "missing_lines": 0, "excluded_lines": 0, "percent_statements_covered": 100.0, "percent_statements_covered_display": "100"}, "missing_lines": [], "excluded_lines": [], "start_line": 202}, "": {"executed_lines": [3, 5, 6, 7, 9, 11, 12, 15, 21, 31, 77, 126, 192, 202], "summary": {"covered_lines": 14, "num_statements": 14, "percent_covered": 100.0, "percent_covered_display": "100", "missing_lines": 0, "excluded_lines": 0, "percent_statements_covered": 100.0, "percent_statements_covered_display": "100"}, "missing_lines": [], "excluded_lines": [], "start_line": 1}}, "classes": {"": {"executed_lines": [3, 5, 6, 7, 9, 11, 12, 15, 21, 23, 24, 25, 27, 28, 31, 77, 82, 83, 84, 85, 87, 88, 91, 92, 93, 94, 96, 99, 100, 101, 104, 105, 106, 107, 108, 109, 110, 111, 113, 114, 115, 117, 119, 126, 192, 194, 195, 196, 197, 199, 202, 221, 236, 237], "summary": {"covered_lines": 54, "num_statements": 109, "percent_covered": 49.54128440366973, "percent_covered_display": "50", "missing_lines": 55, "excluded_lines": 0, "percent_statements_covered": 49.54128440366973, "percent_statements_covered_display": "50"}, "missing_lines": [16, 17, 18, 26, 33, 36, 37, 38, 39, 42, 43, 44, 47, 48, 49, 50, 51, 52, 53, 56, 57, 58, 59, 60, 63, 64, 65, 66, 67, 70, 71, 72, 74, 97, 98, 135, 136, 139, 142, 145, 146, 149, 150, 158, 161, 162, 163, 164, 166, 167, 168, 169, 172, 175, 177], "excluded_lines": [], "start_line": 1}}}, "jseeker\\batch_processor.py": {"executed_lines": [3, 5, 6, 7, 8, 9, 10, 11, 12, 13, 14, 16, 17, 18, 20, 26, 28, 29, 30, 31, 32, 33, 36, 37, 39, 40, 41, 42, 43, 44, 45, 46, 47, 49, 51, 64, 65, 67, 68, 69, 70, 71, 72, 75, 76, 78, 79, 80, 81, 82, 83, 84, 85, 86, 87, 88, 89, 91, 92, 94, 96, 97, 99, 101, 103, 104, 106, 107, 108, 109, 111, 112, 114, 115, 116, 117, 118, 120, 122, 152, 155, 156, 157, 158, 160, 162, 163, 164, 165, 166, 169, 171, 173, 174, 176, 178, 179, 185, 188, 195, 196, 197, 198, 199, 200, 203, 204, 205, 206, 209, 211, 213, 227, 228, 231, 232, 233, 234, 235, 238, 239, 242, 243, 246, 247, 249, 252, 253, 254, 257, 260, 261, 262, 263, 266, 267, 268, 269, 275, 276, 277, 285, 288, 289, 291, 292, 294, 296, 302, 304, 305, 307, 308, 316, 317, 318, 321, 322, 323, 324, 325, 327, 329, 331, 338, 341, 348, 349, 352, 353, 354, 355, 356, 357, 363, 364, 365, 366, 369, 370, 373, 374, 375, 376, 377, 380, 387, 388, 389, 392, 399, 400, 403, 410, 411, 414, 422, 423, 425, 426, 428, 429, 430, 431, 432, 435, 442, 443, 445, 449, 450, 451, 452, 453, 455, 457, 463, 464, 465, 466, 467, 468, 469, 470, 471, 472, 473, 475, 476, 477, 478, 481, 482, 483, 487, 489, 490, 491, 492, 495, 497, 498, 499, 500, 503, 505, 506, 507, 508, 509, 510, 513, 514, 516, 522, 524, 533, 535, 541], "summary": {"covered_lines": 259, "num_statements": 290, "percent_covered": 89.3103448275862, "percent_covered_display": "89", "missing_lines": 31, "excluded_lines": 0, "percent_statements_covered": 89.3103448275862, "percent_statements_covered_display": "89"}, "missing_lines": [100, 167, 168, 270, 271, 272, 311, 312, 314, 332, 333, 334, 335, 342, 343, 344, 345, 371, 381, 382, 383, 384, 393, 394, 395, 396, 474, 484, 485, 493, 501], "excluded_lines": [], "functions": {"BatchJob.to_dict": {"executed_lines": [51], "summary": {"covered_lines": 1, "num_statements": 1, "percent_covered": 100.0, "percent_covered_display": "100", "missing_lines": 0, "excluded_lines": 0, "percent_statements_covered": 100.0, "percent_statements_covered_display": "100"}, "missing_lines": [], "excluded_lines": [], "start_line": 49}, "BatchProgress.pending": {"executed_lines": [94], "summary": {"covered_lines": 1, "num_statements": 1, "percent_covered": 100.0, "percent_covered_display": "100", "missing_lines": 0, "excluded_lines": 0, "percent_statements_covered": 100.0, "percent_statements_covered_display": "100"}, "missing_lines": [], "excluded_lines": [], "start_line": 92}, "BatchProgress.progress_pct": {"executed_lines": [99, 101], "summary": {"covered_lines": 2, "num_statements": 3, "percent_covered": 66.66666666666667, "percent_covered_display": "67", "missing_lines": 1, "excluded_lines": 0, "percent_statements_covered": 66.66666666666667, "percent_statements_covered_display": "67"}, "missing_lines": [100], "excluded_lines": [], "start_line": 97}, "BatchProgress.elapsed_seconds": {"executed_lines": [106, 107, 108, 109], "summary": {"covered_lines": 4, "num_statements": 4, "percent_covered": 100.0, "percent_covered_display": "100", "missing_lines": 0, "excluded_lines": 0, "percent_statements_covered": 100.0, "percent_statements_covered_display": "100"}, "missing_lines": [], "excluded_lines": [], "start_line": 104}, "BatchProgress.estimated_remaining_seconds": {"executed_lines": [114, 115, 116, 117, 118], "summary": {"covered_lines": 5, "num_statements": 5, "percent_covered": 100.0, "percent_covered_display": "100", "missing_lines": 0, "excluded_lines": 0, "percent_statements_covered": 100.0, "percent_statements_covered_display": "100"}, "missing_lines": [], "excluded_lines": [], "start_line": 112}, "BatchProgress.to_dict": {"executed_lines": [122], "summary": {"covered_lines": 1, "num_statements": 1, "percent_covered": 100.0, "percent_covered_display": "100", "missing_lines": 0, "excluded_lines": 0, "percent_statements_covered": 100.0, "percent_statements_covered_display": "100"}, "missing_lines": [], "excluded_lines": [], "start_line": 120}, "JDCache.__init__": {"executed_lines": [156, 157, 158], "summary": {"covered_lines": 3, "num_statements": 3, "percent_covered": 100.0, "percent_covered_display": "100", "missing_lines": 0, "excluded_lines": 0, "percent_statements_covered": 100.0, "percent_statements_covered_display": "100"}, "missing_lines": [], "excluded_lines": [], "start_line": 155}, "JDCache.get": {"executed_lines": [162, 163, 164, 165, 166, 169], "summary": {"covered_lines": 6, "num_statements": 8, "percent_covered": 75.0, "percent_covered_display": "75", "missing_lines": 2, "excluded_lines": 0, "percent_statements_covered": 75.0, "percent_statements_covered_display": "75"}, "missing_lines": [167, 168], "excluded_lines": [], "start_line": 160}, "JDCache.set": {"executed_lines": [173, 174], "summary": {"covered_lines": 2, "num_statements": 2, "percent_covered": 100.0, "percent_covered_display": "100", "missing_lines": 0, "excluded_lines": 0, "percent_statements_covered": 100.0, "percent_statements_covered_display": "100"}, "missing_lines": [], "excluded_lines": [], "start_line": 171}, "JDCache.clear": {"executed_lines": [178, 179], "summary": {"covered_lines": 2, "num_statements": 2, "percent_covered": 100.0, "percent_covered_display": "100", "missing_lines": 0, "excluded_lines": 0, "percent_statements_covered": 100.0, "percent_statements_covered_display": "100"}, "missing_lines": [], "excluded_lines": [], "start_line": 176}, "BatchProcessor.__init__": {"executed_lines": [195, 196, 197, 198, 199, 200, 203, 204, 205, 206, 209, 211], "summary": {"covered_lines": 12, "num_statements": 12, "percent_covered": 100.0, "percent_covered_display": "100", "missing_lines": 0, "excluded_lines": 0, "percent_statements_covered": 100.0, "percent_statements_covered_display": "100"}, "missing_lines": [], "excluded_lines": [], "start_line": 188}, "BatchProcessor.submit_batch": {"executed_lines": [227, 228, 231, 232, 233, 234, 235, 238, 239, 242, 243, 246, 247, 249, 252, 253, 254, 257, 260, 261, 262, 263, 266, 291, 292, 294], "summary": {"covered_lines": 26, "num_statements": 26, "percent_covered": 100.0, "percent_covered_display": "100", "missing_lines": 0, "excluded_lines": 0, "percent_statements_covered": 100.0, "percent_statements_covered_display": "100"}, "missing_lines": [], "excluded_lines": [], "start_line": 213}, "BatchProcessor.submit_batch.monitor_completion": {"executed_lines": [267, 268, 269, 275, 276, 277, 285, 288, 289], "summary": {"covered_lines": 9, "num_statements": 12, "percent_covered": 75.0, "percent_covered_display": "75", "missing_lines": 3, "excluded_lines": 0, "percent_statements_covered": 75.0, "percent_statements_covered_display": "75"}, "missing_lines": [270, 271, 272], "excluded_lines": [], "start_line": 266}, "BatchProcessor._process_job": {"executed_lines": [302, 304, 305, 307, 308, 316, 317, 318, 321, 322, 323, 324, 325, 327, 329, 331, 338, 341, 348, 349, 352, 353, 354, 355, 356, 357, 363, 364, 365, 366, 369, 370, 373, 374, 375, 376, 377, 380, 387, 388, 389, 392, 399, 400, 403, 410, 411, 414, 422, 423, 425, 426, 428, 429, 430, 431, 432, 435, 442, 443, 445, 449, 450, 451, 452, 453, 455], "summary": {"covered_lines": 67, "num_statements": 87, "percent_covered": 77.01149425287356, "percent_covered_display": "77", "missing_lines": 20, "excluded_lines": 0, "percent_statements_covered": 77.01149425287356, "percent_statements_covered_display": "77"}, "missing_lines": [311, 312, 314, 332, 333, 334, 335, 342, 343, 344, 345, 371, 381, 382, 383, 384, 393, 394, 395, 396], "excluded_lines": [], "start_line": 296}, "BatchProcessor._update_progress": {"executed_lines": [463, 464, 465, 466, 467, 468, 469, 470, 471, 472, 473, 475, 476, 477, 478, 481, 482, 483], "summary": {"covered_lines": 18, "num_statements": 21, "percent_covered": 85.71428571428571, "percent_covered_display": "86", "missing_lines": 3, "excluded_lines": 0, "percent_statements_covered": 85.71428571428571, "percent_statements_covered_display": "86"}, "missing_lines": [474, 484, 485], "excluded_lines": [], "start_line": 457}, "BatchProcessor.pause": {"executed_lines": [489, 490, 491, 492], "summary": {"covered_lines": 4, "num_statements": 5, "percent_covered": 80.0, "percent_covered_display": "80", "missing_lines": 1, "excluded_lines": 0, "percent_statements_covered": 80.0, "percent_statements_covered_display": "80"}, "missing_lines": [493], "excluded_lines": [], "start_line": 487}, "BatchProcessor.resume": {"executed_lines": [497, 498, 499, 500], "summary": {"covered_lines": 4, "num_statements": 5, "percent_covered": 80.0, "percent_covered_display": "80", "missing_lines": 1, "excluded_lines": 0, "percent_statements_covered": 80.0, "percent_statements_covered_display": "80"}, "missing_lines": [501], "excluded_lines": [], "start_line": 495}, "BatchProcessor.stop": {"executed_lines": [505, 506, 507, 508, 509, 510, 513, 514], "summary": {"covered_lines": 8, "num_statements": 8, "percent_covered": 100.0, "percent_covered_display": "100", "missing_lines": 0, "excluded_lines": 0, "percent_statements_covered": 100.0, "percent_statements_covered_display": "100"}, "missing_lines": [], "excluded_lines": [], "start_line": 503}, "BatchProcessor.get_progress": {"executed_lines": [522], "summary": {"covered_lines": 1, "num_statements": 1, "percent_covered": 100.0, "percent_covered_display": "100", "missing_lines": 0, "excluded_lines": 0, "percent_statements_covered": 100.0, "percent_statements_covered_display": "100"}, "missing_lines": [], "excluded_lines": [], "start_line": 516}, "BatchProcessor.get_job_status": {"executed_lines": [533], "summary": {"covered_lines": 1, "num_statements": 1, "percent_covered": 100.0, "percent_covered_display": "100", "missing_lines": 0, "excluded_lines": 0, "percent_statements_covered": 100.0, "percent_statements_covered_display": "100"}, "missing_lines": [], "excluded_lines": [], "start_line": 524}, "BatchProcessor.get_all_jobs": {"executed_lines": [541], "summary": {"covered_lines": 1, "num_statements": 1, "percent_covered": 100.0, "percent_covered_display": "100", "missing_lines": 0, "excluded_lines": 0, "percent_statements_covered": 100.0, "percent_statements_covered_display": "100"}, "missing_lines": [], "excluded_lines": [], "start_line": 535}, "": {"executed_lines": [3, 5, 6, 7, 8, 9, 10, 11, 12, 13, 14, 16, 17, 18, 20, 26, 28, 29, 30, 31, 32, 33, 36, 37, 39, 40, 41, 42, 43, 44, 45, 46, 47, 49, 64, 65, 67, 68, 69, 70, 71, 72, 75, 76, 78, 79, 80, 81, 82, 83, 84, 85, 86, 87, 88, 89, 91, 92, 96, 97, 103, 104, 111, 112, 120, 152, 155, 160, 171, 176, 185, 188, 213, 296, 457, 487, 495, 503, 516, 524, 535], "summary": {"covered_lines": 81, "num_statements": 81, "percent_covered": 100.0, "percent_covered_display": "100", "missing_lines": 0, "excluded_lines": 0, "percent_statements_covered": 100.0, "percent_statements_covered_display": "100"}, "missing_lines": [], "excluded_lines": [], "start_line": 1}}, "classes": {"JobStatus": {"executed_lines": [], "summary": {"covered_lines": 0, "num_statements": 0, "percent_covered": 100.0, "percent_covered_display": "100", "missing_lines": 0, "excluded_lines": 0, "percent_statements_covered": 100.0, "percent_statements_covered_display": "100"}, "missing_lines": [], "excluded_lines": [], "start_line": 26}, "BatchJob": {"executed_lines": [51], "summary": {"covered_lines": 1, "num_statements": 1, "percent_covered": 100.0, "percent_covered_display": "100", "missing_lines": 0, "excluded_lines": 0, "percent_statements_covered": 100.0, "percent_statements_covered_display": "100"}, "missing_lines": [], "excluded_lines": [], "start_line": 37}, "WorkerStatus": {"executed_lines": [], "summary": {"covered_lines": 0, "num_statements": 0, "percent_covered": 100.0, "percent_covered_display": "100", "missing_lines": 0, "excluded_lines": 0, "percent_statements_covered": 100.0, "percent_statements_covered_display": "100"}, "missing_lines": [], "excluded_lines": [], "start_line": 65}, "BatchProgress": {"executed_lines": [94, 99, 101, 106, 107, 108, 109, 114, 115, 116, 117, 118, 122], "summary": {"covered_lines": 13, "num_statements": 14, "percent_covered": 92.85714285714286, "percent_covered_display": "93", "missing_lines": 1, "excluded_lines": 0, "percent_statements_covered": 92.85714285714286, "percent_statements_covered_display": "93"}, "missing_lines": [100], "excluded_lines": [], "start_line": 76}, "JDCache": {"executed_lines": [156, 157, 158, 162, 163, 164, 165, 166, 169, 173, 174, 178, 179], "summary": {"covered_lines": 13, "num_statements": 15, "percent_covered": 86.66666666666667, "percent_covered_display": "87", "missing_lines": 2, "excluded_lines": 0, "percent_statements_covered": 86.66666666666667, "percent_statements_covered_display": "87"}, "missing_lines": [167, 168], "excluded_lines": [], "start_line": 152}, "BatchProcessor": {"executed_lines": [195, 196, 197, 198, 199, 200, 203, 204, 205, 206, 209, 211, 227, 228, 231, 232, 233, 234, 235, 238, 239, 242, 243, 246, 247, 249, 252, 253, 254, 257, 260, 261, 262, 263, 266, 267, 268, 269, 275, 276, 277, 285, 288, 289, 291, 292, 294, 302, 304, 305, 307, 308, 316, 317, 318, 321, 322, 323, 324, 325, 327, 329, 331, 338, 341, 348, 349, 352, 353, 354, 355, 356, 357, 363, 364, 365, 366, 369, 370, 373, 374, 375, 376, 377, 380, 387, 388, 389, 392, 399, 400, 403, 410, 411, 414, 422, 423, 425, 426, 428, 429, 430, 431, 432, 435, 442, 443, 445, 449, 450, 451, 452, 453, 455, 463, 464, 465, 466, 467, 468, 469, 470, 471, 472, 473, 475, 476, 477, 478, 481, 482, 483, 489, 490, 491, 492, 497, 498, 499, 500, 505, 506, 507, 508, 509, 510, 513, 514, 522, 533, 541], "summary": {"covered_lines": 151, "num_statements": 179, "percent_covered": 84.35754189944134, "percent_covered_display": "84", "missing_lines": 28, "excluded_lines": 0, "percent_statements_covered": 84.35754189944134, "percent_statements_covered_display": "84"}, "missing_lines": [270, 271, 272, 311, 312, 314, 332, 333, 334, 335, 342, 343, 344, 345, 371, 381, 382, 383, 384, 393, 394, 395, 396, 474, 484, 485, 493, 501], "excluded_lines": [], "start_line": 185}, "": {"executed_lines": [3, 5, 6, 7, 8, 9, 10, 11, 12, 13, 14, 16, 17, 18, 20, 26, 28, 29, 30, 31, 32, 33, 36, 37, 39, 40, 41, 42, 43, 44, 45, 46, 47, 49, 64, 65, 67, 68, 69, 70, 71, 72, 75, 76, 78, 79, 80, 81, 82, 83, 84, 85, 86, 87, 88, 89, 91, 92, 96, 97, 103, 104, 111, 112, 120, 152, 155, 160, 171, 176, 185, 188, 213, 296, 457, 487, 495, 503, 516, 524, 535], "summary": {"covered_lines": 81, "num_statements": 81, "percent_covered": 100.0, "percent_covered_display": "100", "missing_lines": 0, "excluded_lines": 0, "percent_statements_covered": 100.0, "percent_statements_covered_display": "100"}, "missing_lines": [], "excluded_lines": [], "start_line": 1}}}, "jseeker\\block_manager.py": {"executed_lines": [3, 5, 6, 7, 9, 11, 23, 26, 28, 29, 32, 35, 36, 37, 38, 39, 40, 42, 44, 45, 48, 49, 50, 51, 57, 58, 59, 60, 66, 67, 68, 69, 70, 71, 77, 78, 79, 80, 81, 82, 86, 92, 93, 94, 95, 101, 102, 103, 104, 110, 111, 112, 115, 121, 122, 123, 124, 129, 139, 140, 142, 146, 147, 148, 152, 153, 155, 165, 166, 169, 176, 178, 182, 183, 184, 186, 188, 190, 191, 192, 193, 194, 195, 197, 204, 205, 206, 208, 209, 210, 211, 212, 213, 214, 215, 217, 221], "summary": {"covered_lines": 97, "num_statements": 126, "percent_covered": 76.98412698412699, "percent_covered_display": "77", "missing_lines": 29, "excluded_lines": 0, "percent_statements_covered": 76.98412698412699, "percent_statements_covered_display": "77"}, "missing_lines": [52, 53, 54, 61, 62, 63, 72, 73, 74, 87, 88, 89, 96, 97, 98, 105, 106, 107, 116, 117, 118, 125, 126, 127, 170, 171, 172, 173, 185], "excluded_lines": [], "functions": {"_load_yaml": {"executed_lines": [28, 29], "summary": {"covered_lines": 2, "num_statements": 2, "percent_covered": 100.0, "percent_covered_display": "100", "missing_lines": 0, "excluded_lines": 0, "percent_statements_covered": 100.0, "percent_statements_covered_display": "100"}, "missing_lines": [], "excluded_lines": [], "start_line": 26}, "BlockManager.__init__": {"executed_lines": [36, 37, 38, 39, 40], "summary": {"covered_lines": 5, "num_statements": 5, "percent_covered": 100.0, "percent_covered_display": "100", "missing_lines": 0, "excluded_lines": 0, "percent_statements_covered": 100.0, "percent_statements_covered_display": "100"}, "missing_lines": [], "excluded_lines": [], "start_line": 35}, "BlockManager.load_corpus": {"executed_lines": [44, 45, 48, 49, 50, 51, 57, 58, 59, 60, 66, 67, 68, 69, 70, 71, 77, 78, 79, 80, 81, 82, 86, 92, 93, 94, 95, 101, 102, 103, 104, 110, 111, 112, 115, 121, 122, 123, 124, 129, 139, 140], "summary": {"covered_lines": 42, "num_statements": 66, "percent_covered": 63.63636363636363, "percent_covered_display": "64", "missing_lines": 24, "excluded_lines": 0, "percent_statements_covered": 63.63636363636363, "percent_statements_covered_display": "64"}, "missing_lines": [52, 53, 54, 61, 62, 63, 72, 73, 74, 87, 88, 89, 96, 97, 98, 105, 106, 107, 116, 117, 118, 125, 126, 127], "excluded_lines": [], "start_line": 42}, "BlockManager.get_experience_for_template": {"executed_lines": [146, 147, 148, 152, 153], "summary": {"covered_lines": 5, "num_statements": 5, "percent_covered": 100.0, "percent_covered_display": "100", "missing_lines": 0, "excluded_lines": 0, "percent_statements_covered": 100.0, "percent_statements_covered_display": "100"}, "missing_lines": [], "excluded_lines": [], "start_line": 142}, "BlockManager.get_summary": {"executed_lines": [165, 166, 169, 176], "summary": {"covered_lines": 4, "num_statements": 8, "percent_covered": 50.0, "percent_covered_display": "50", "missing_lines": 4, "excluded_lines": 0, "percent_statements_covered": 50.0, "percent_statements_covered_display": "50"}, "missing_lines": [170, 171, 172, 173], "excluded_lines": [], "start_line": 155}, "BlockManager.get_bullets": {"executed_lines": [182, 183, 184, 186], "summary": {"covered_lines": 4, "num_statements": 5, "percent_covered": 80.0, "percent_covered_display": "80", "missing_lines": 1, "excluded_lines": 0, "percent_statements_covered": 80.0, "percent_statements_covered_display": "80"}, "missing_lines": [185], "excluded_lines": [], "start_line": 178}, "BlockManager.get_all_ats_keywords": {"executed_lines": [190, 191, 192, 193, 194, 195], "summary": {"covered_lines": 6, "num_statements": 6, "percent_covered": 100.0, "percent_covered_display": "100", "missing_lines": 0, "excluded_lines": 0, "percent_statements_covered": 100.0, "percent_statements_covered_display": "100"}, "missing_lines": [], "excluded_lines": [], "start_line": 188}, "BlockManager.get_skills_matching_keywords": {"executed_lines": [204, 205, 206, 208, 209, 210, 211, 212, 213, 214, 215, 217], "summary": {"covered_lines": 12, "num_statements": 12, "percent_covered": 100.0, "percent_covered_display": "100", "missing_lines": 0, "excluded_lines": 0, "percent_statements_covered": 100.0, "percent_statements_covered_display": "100"}, "missing_lines": [], "excluded_lines": [], "start_line": 197}, "": {"executed_lines": [3, 5, 6, 7, 9, 11, 23, 26, 32, 35, 42, 142, 155, 178, 188, 197, 221], "summary": {"covered_lines": 17, "num_statements": 17, "percent_covered": 100.0, "percent_covered_display": "100", "missing_lines": 0, "excluded_lines": 0, "percent_statements_covered": 100.0, "percent_statements_covered_display": "100"}, "missing_lines": [], "excluded_lines": [], "start_line": 1}}, "classes": {"BlockManager": {"executed_lines": [36, 37, 38, 39, 40, 44, 45, 48, 49, 50, 51, 57, 58, 59, 60, 66, 67, 68, 69, 70, 71, 77, 78, 79, 80, 81, 82, 86, 92, 93, 94, 95, 101, 102, 103, 104, 110, 111, 112, 115, 121, 122, 123, 124, 129, 139, 140, 146, 147, 148, 152, 153, 165, 166, 169, 176, 182, 183, 184, 186, 190, 191, 192, 193, 194, 195, 204, 205, 206, 208, 209, 210, 211, 212, 213, 214, 215, 217], "summary": {"covered_lines": 78, "num_statements": 107, "percent_covered": 72.89719626168224, "percent_covered_display": "73", "missing_lines": 29, "excluded_lines": 0, "percent_statements_covered": 72.89719626168224, "percent_statements_covered_display": "73"}, "missing_lines": [52, 53, 54, 61, 62, 63, 72, 73, 74, 87, 88, 89, 96, 97, 98, 105, 106, 107, 116, 117, 118, 125, 126, 127, 170, 171, 172, 173, 185], "excluded_lines": [], "start_line": 32}, "": {"executed_lines": [3, 5, 6, 7, 9, 11, 23, 26, 28, 29, 32, 35, 42, 142, 155, 178, 188, 197, 221], "summary": {"covered_lines": 19, "num_statements": 19, "percent_covered": 100.0, "percent_covered_display": "100", "missing_lines": 0, "excluded_lines": 0, "percent_statements_covered": 100.0, "percent_statements_covered_display": "100"}, "missing_lines": [], "excluded_lines": [], "start_line": 1}}}, "jseeker\\browser_manager.py": {"executed_lines": [10, 12, 13, 14, 15, 16, 17, 18, 20, 21, 22, 25, 27, 71, 81, 82, 83, 84, 85, 87, 88, 89, 91, 93, 94, 97, 102, 103, 104, 106, 107, 108, 110, 113, 116, 117, 118, 119, 120, 121, 122, 123, 124, 125, 126, 127, 130, 149, 150, 152, 153, 156, 157, 158, 161, 163, 164, 165, 166, 167, 168, 170, 173], "summary": {"covered_lines": 63, "num_statements": 63, "percent_covered": 100.0, "percent_covered_display": "100", "missing_lines": 0, "excluded_lines": 0, "percent_statements_covered": 100.0, "percent_statements_covered_display": "100"}, "missing_lines": [], "excluded_lines": [], "functions": {"_start_browser_subprocess": {"executed_lines": [27, 71, 81, 82, 83, 84, 85, 87, 88, 89, 91, 93, 94], "summary": {"covered_lines": 13, "num_statements": 13, "percent_covered": 100.0, "percent_covered_display": "100", "missing_lines": 0, "excluded_lines": 0, "percent_statements_covered": 100.0, "percent_statements_covered_display": "100"}, "missing_lines": [], "excluded_lines": [], "start_line": 25}, "_get_browser_subprocess": {"executed_lines": [102, 103, 104, 106, 107, 108, 110], "summary": {"covered_lines": 7, "num_statements": 7, "percent_covered": 100.0, "percent_covered_display": "100", "missing_lines": 0, "excluded_lines": 0, "percent_statements_covered": 100.0, "percent_statements_covered_display": "100"}, "missing_lines": [], "excluded_lines": [], "start_line": 97}, "_cleanup_browser": {"executed_lines": [116, 117, 118, 119, 120, 121, 122, 123, 124, 125, 126, 127], "summary": {"covered_lines": 12, "num_statements": 12, "percent_covered": 100.0, "percent_covered_display": "100", "missing_lines": 0, "excluded_lines": 0, "percent_statements_covered": 100.0, "percent_statements_covered_display": "100"}, "missing_lines": [], "excluded_lines": [], "start_line": 113}, "html_to_pdf_fast": {"executed_lines": [149, 150, 152, 153, 156, 157, 158, 161, 163, 164, 165, 166, 167, 168, 170, 173], "summary": {"covered_lines": 16, "num_statements": 16, "percent_covered": 100.0, "percent_covered_display": "100", "missing_lines": 0, "excluded_lines": 0, "percent_statements_covered": 100.0, "percent_statements_covered_display": "100"}, "missing_lines": [], "excluded_lines": [], "start_line": 130}, "": {"executed_lines": [10, 12, 13, 14, 15, 16, 17, 18, 20, 21, 22, 25, 97, 113, 130], "summary": {"covered_lines": 15, "num_statements": 15, "percent_covered": 100.0, "percent_covered_display": "100", "missing_lines": 0, "excluded_lines": 0, "percent_statements_covered": 100.0, "percent_statements_covered_display": "100"}, "missing_lines": [], "excluded_lines": [], "start_line": 1}}, "classes": {"": {"executed_lines": [10, 12, 13, 14, 15, 16, 17, 18, 20, 21, 22, 25, 27, 71, 81, 82, 83, 84, 85, 87, 88, 89, 91, 93, 94, 97, 102, 103, 104, 106, 107, 108, 110, 113, 116, 117, 118, 119, 120, 121, 122, 123, 124, 125, 126, 127, 130, 149, 150, 152, 153, 156, 157, 158, 161, 163, 164, 165, 166, 167, 168, 170, 173], "summary": {"covered_lines": 63, "num_statements": 63, "percent_covered": 100.0, "percent_covered_display": "100", "missing_lines": 0, "excluded_lines": 0, "percent_statements_covered": 100.0, "percent_statements_covered_display": "100"}, "missing_lines": [], "excluded_lines": [], "start_line": 1}}}, "jseeker\\feedback.py": {"executed_lines": [], "summary": {"covered_lines": 0, "num_statements": 59, "percent_covered": 0.0, "percent_covered_display": "0", "missing_lines": 59, "excluded_lines": 0, "percent_statements_covered": 0.0, "percent_statements_covered_display": "0"}, "missing_lines": [3, 5, 6, 7, 10, 26, 29, 30, 31, 36, 37, 40, 43, 50, 51, 54, 55, 56, 59, 60, 68, 74, 76, 77, 78, 79, 80, 81, 83, 86, 88, 90, 91, 92, 96, 97, 98, 101, 106, 107, 108, 111, 112, 113, 114, 116, 117, 118, 119, 123, 126, 128, 129, 130, 132, 133, 134, 136, 137], "excluded_lines": [], "functions": {"capture_edit": {"executed_lines": [], "summary": {"covered_lines": 0, "num_statements": 7, "percent_covered": 0.0, "percent_covered_display": "0", "missing_lines": 7, "excluded_lines": 0, "percent_statements_covered": 0.0, "percent_statements_covered_display": "0"}, "missing_lines": [26, 29, 30, 31, 36, 37, 40], "excluded_lines": [], "start_line": 10}, "_learn_from_edit": {"executed_lines": [], "summary": {"covered_lines": 0, "num_statements": 7, "percent_covered": 0.0, "percent_covered_display": "0", "missing_lines": 7, "excluded_lines": 0, "percent_statements_covered": 0.0, "percent_statements_covered_display": "0"}, "missing_lines": [50, 51, 54, 55, 56, 59, 60], "excluded_lines": [], "start_line": 43}, "_classify_edit_type": {"executed_lines": [], "summary": {"covered_lines": 0, "num_statements": 8, "percent_covered": 0.0, "percent_covered_display": "0", "missing_lines": 8, "excluded_lines": 0, "percent_statements_covered": 0.0, "percent_statements_covered_display": "0"}, "missing_lines": [74, 76, 77, 78, 79, 80, 81, 83], "excluded_lines": [], "start_line": 68}, "get_edit_history": {"executed_lines": [], "summary": {"covered_lines": 0, "num_statements": 7, "percent_covered": 0.0, "percent_covered_display": "0", "missing_lines": 7, "excluded_lines": 0, "percent_statements_covered": 0.0, "percent_statements_covered_display": "0"}, "missing_lines": [88, 90, 91, 92, 96, 97, 98], "excluded_lines": [], "start_line": 86}, "detect_patterns": {"executed_lines": [], "summary": {"covered_lines": 0, "num_statements": 12, "percent_covered": 0.0, "percent_covered_display": "0", "missing_lines": 12, "excluded_lines": 0, "percent_statements_covered": 0.0, "percent_statements_covered_display": "0"}, "missing_lines": [106, 107, 108, 111, 112, 113, 114, 116, 117, 118, 119, 123], "excluded_lines": [], "start_line": 101}, "save_preferences": {"executed_lines": [], "summary": {"covered_lines": 0, "num_statements": 8, "percent_covered": 0.0, "percent_covered_display": "0", "missing_lines": 8, "excluded_lines": 0, "percent_statements_covered": 0.0, "percent_statements_covered_display": "0"}, "missing_lines": [128, 129, 130, 132, 133, 134, 136, 137], "excluded_lines": [], "start_line": 126}, "": {"executed_lines": [], "summary": {"covered_lines": 0, "num_statements": 10, "percent_covered": 0.0, "percent_covered_display": "0", "missing_lines": 10, "excluded_lines": 0, "percent_statements_covered": 0.0, "percent_statements_covered_display": "0"}, "missing_lines": [3, 5, 6, 7, 10, 43, 68, 86, 101, 126], "excluded_lines": [], "start_line": 1}}, "classes": {"": {"executed_lines": [], "summary": {"covered_lines": 0, "num_statements": 59, "percent_covered": 0.0, "percent_covered_display": "0", "missing_lines": 59, "excluded_lines": 0, "percent_statements_covered": 0.0, "percent_statements_covered_display": "0"}, "missing_lines": [3, 5, 6, 7, 10, 26, 29, 30, 31, 36, 37, 40, 43, 50, 51, 54, 55, 56, 59, 60, 68, 74, 76, 77, 78, 79, 80, 81, 83, 86, 88, 90, 91, 92, 96, 97, 98, 101, 106, 107, 108, 111, 112, 113, 114, 116, 117, 118, 119, 123, 126, 128, 129, 130, 132, 133, 134, 136, 137], "excluded_lines": [], "start_line": 1}}}, "jseeker\\integrations\\__init__.py": {"executed_lines": [], "summary": {"covered_lines": 0, "num_statements": 0, "percent_covered": 100.0, "percent_covered_display": "100", "missing_lines": 0, "excluded_lines": 0, "percent_statements_covered": 100.0, "percent_statements_covered_display": "100"}, "missing_lines": [], "excluded_lines": [], "functions": {"": {"executed_lines": [], "summary": {"covered_lines": 0, "num_statements": 0, "percent_covered": 100.0, "percent_covered_display": "100", "missing_lines": 0, "excluded_lines": 0, "percent_statements_covered": 100.0, "percent_statements_covered_display": "100"}, "missing_lines": [], "excluded_lines": [], "start_line": 1}}, "classes": {"": {"executed_lines": [], "summary": {"covered_lines": 0, "num_statements": 0, "percent_covered": 100.0, "percent_covered_display": "100", "missing_lines": 0, "excluded_lines": 0, "percent_statements_covered": 100.0, "percent_statements_covered_display": "100"}, "missing_lines": [], "excluded_lines": [], "start_line": 1}}}, "jseeker\\integrations\\argus_telemetry.py": {"executed_lines": [3, 5, 6, 7, 9, 12, 47, 56, 57, 59, 70, 71], "summary": {"covered_lines": 12, "num_statements": 17, "percent_covered": 70.58823529411765, "percent_covered_display": "71", "missing_lines": 5, "excluded_lines": 0, "percent_statements_covered": 70.58823529411765, "percent_statements_covered_display": "71"}, "missing_lines": [30, 31, 33, 43, 44], "excluded_lines": [], "functions": {"log_event": {"executed_lines": [], "summary": {"covered_lines": 0, "num_statements": 5, "percent_covered": 0.0, "percent_covered_display": "0", "missing_lines": 5, "excluded_lines": 0, "percent_statements_covered": 0.0, "percent_statements_covered_display": "0"}, "missing_lines": [30, 31, 33, 43, 44], "excluded_lines": [], "start_line": 12}, "log_runtime_event": {"executed_lines": [56, 57, 59, 70, 71], "summary": {"covered_lines": 5, "num_statements": 5, "percent_covered": 100.0, "percent_covered_display": "100", "missing_lines": 0, "excluded_lines": 0, "percent_statements_covered": 100.0, "percent_statements_covered_display": "100"}, "missing_lines": [], "excluded_lines": [], "start_line": 47}, "": {"executed_lines": [3, 5, 6, 7, 9, 12, 47], "summary": {"covered_lines": 7, "num_statements": 7, "percent_covered": 100.0, "percent_covered_display": "100", "missing_lines": 0, "excluded_lines": 0, "percent_statements_covered": 100.0, "percent_statements_covered_display": "100"}, "missing_lines": [], "excluded_lines": [], "start_line": 1}}, "classes": {"": {"executed_lines": [3, 5, 6, 7, 9, 12, 47, 56, 57, 59, 70, 71], "summary": {"covered_lines": 12, "num_statements": 17, "percent_covered": 70.58823529411765, "percent_covered_display": "71", "missing_lines": 5, "excluded_lines": 0, "percent_statements_covered": 70.58823529411765, "percent_statements_covered_display": "71"}, "missing_lines": [30, 31, 33, 43, 44], "excluded_lines": [], "start_line": 1}}}, "jseeker\\integrations\\mnemis_bridge.py": {"executed_lines": [], "summary": {"covered_lines": 0, "num_statements": 16, "percent_covered": 0.0, "percent_covered_display": "0", "missing_lines": 16, "excluded_lines": 0, "percent_statements_covered": 0.0, "percent_statements_covered_display": "0"}, "missing_lines": [7, 9, 12, 27, 28, 29, 30, 36, 37, 40, 49, 50, 51, 52, 57, 58], "excluded_lines": [], "functions": {"store_pattern": {"executed_lines": [], "summary": {"covered_lines": 0, "num_statements": 6, "percent_covered": 0.0, "percent_covered_display": "0", "missing_lines": 6, "excluded_lines": 0, "percent_statements_covered": 0.0, "percent_statements_covered_display": "0"}, "missing_lines": [27, 28, 29, 30, 36, 37], "excluded_lines": [], "start_line": 12}, "recall_patterns": {"executed_lines": [], "summary": {"covered_lines": 0, "num_statements": 6, "percent_covered": 0.0, "percent_covered_display": "0", "missing_lines": 6, "excluded_lines": 0, "percent_statements_covered": 0.0, "percent_statements_covered_display": "0"}, "missing_lines": [49, 50, 51, 52, 57, 58], "excluded_lines": [], "start_line": 40}, "": {"executed_lines": [], "summary": {"covered_lines": 0, "num_statements": 4, "percent_covered": 0.0, "percent_covered_display": "0", "missing_lines": 4, "excluded_lines": 0, "percent_statements_covered": 0.0, "percent_statements_covered_display": "0"}, "missing_lines": [7, 9, 12, 40], "excluded_lines": [], "start_line": 1}}, "classes": {"": {"executed_lines": [], "summary": {"covered_lines": 0, "num_statements": 16, "percent_covered": 0.0, "percent_covered_display": "0", "missing_lines": 16, "excluded_lines": 0, "percent_statements_covered": 0.0, "percent_statements_covered_display": "0"}, "missing_lines": [7, 9, 12, 27, 28, 29, 30, 36, 37, 40, 49, 50, 51, 52, 57, 58], "excluded_lines": [], "start_line": 1}}}, "jseeker\\integrations\\mycel_bridge.py": {"executed_lines": [], "summary": {"covered_lines": 0, "num_statements": 8, "percent_covered": 0.0, "percent_covered_display": "0", "missing_lines": 8, "excluded_lines": 0, "percent_statements_covered": 0.0, "percent_statements_covered_display": "0"}, "missing_lines": [6, 8, 11, 13, 14, 15, 16, 17], "excluded_lines": [], "functions": {"get_llm_client": {"executed_lines": [], "summary": {"covered_lines": 0, "num_statements": 5, "percent_covered": 0.0, "percent_covered_display": "0", "missing_lines": 5, "excluded_lines": 0, "percent_statements_covered": 0.0, "percent_statements_covered_display": "0"}, "missing_lines": [13, 14, 15, 16, 17], "excluded_lines": [], "start_line": 11}, "": {"executed_lines": [], "summary": {"covered_lines": 0, "num_statements": 3, "percent_covered": 0.0, "percent_covered_display": "0", "missing_lines": 3, "excluded_lines": 0, "percent_statements_covered": 0.0, "percent_statements_covered_display": "0"}, "missing_lines": [6, 8, 11], "excluded_lines": [], "start_line": 1}}, "classes": {"": {"executed_lines": [], "summary": {"covered_lines": 0, "num_statements": 8, "percent_covered": 0.0, "percent_covered_display": "0", "missing_lines": 8, "excluded_lines": 0, "percent_statements_covered": 0.0, "percent_statements_covered_display": "0"}, "missing_lines": [6, 8, 11, 13, 14, 15, 16, 17], "excluded_lines": [], "start_line": 1}}}, "jseeker\\jd_parser.py": {"executed_lines": [3, 5, 6, 7, 8, 9, 11, 12, 14, 15, 17, 20, 35, 42, 51, 52, 54, 55, 56, 58, 62, 69, 75, 76, 78, 79, 82, 83, 86, 87, 93, 102, 105, 107, 108, 109, 110, 111, 112, 113, 116, 118, 119, 120, 121, 122, 125, 171, 176, 177, 179, 182, 188, 189, 196, 197, 198, 199, 200, 202, 205, 206, 208, 217, 218, 219, 220, 221, 222, 224, 226, 227, 229, 231, 232, 233, 234, 237, 257, 283, 313, 352, 381], "summary": {"covered_lines": 83, "num_statements": 196, "percent_covered": 42.3469387755102, "percent_covered_display": "42", "missing_lines": 113, "excluded_lines": 0, "percent_statements_covered": 42.3469387755102, "percent_statements_covered_display": "42"}, "missing_lines": [37, 38, 39, 59, 90, 138, 139, 140, 141, 142, 144, 145, 146, 147, 148, 149, 153, 154, 155, 156, 157, 159, 160, 161, 163, 164, 165, 166, 167, 168, 183, 184, 185, 242, 243, 245, 246, 248, 249, 251, 252, 253, 254, 263, 264, 266, 269, 270, 271, 272, 274, 275, 276, 277, 278, 279, 280, 291, 293, 296, 298, 299, 301, 302, 304, 305, 308, 309, 310, 322, 323, 325, 327, 328, 329, 333, 335, 337, 342, 343, 344, 345, 347, 348, 349, 359, 360, 362, 364, 365, 366, 377, 378, 393, 396, 397, 398, 401, 402, 405, 406, 407, 409, 411, 412, 414, 422, 423, 424, 430, 431, 439, 441], "excluded_lines": [], "functions": {"_load_prompt": {"executed_lines": [], "summary": {"covered_lines": 0, "num_statements": 3, "percent_covered": 0.0, "percent_covered_display": "0", "missing_lines": 3, "excluded_lines": 0, "percent_statements_covered": 0.0, "percent_statements_covered_display": "0"}, "missing_lines": [37, 38, 39], "excluded_lines": [], "start_line": 35}, "detect_language": {"executed_lines": [51, 52, 54, 55, 56, 58, 62, 69, 75, 76, 78, 79, 82, 83, 86, 87], "summary": {"covered_lines": 16, "num_statements": 18, "percent_covered": 88.88888888888889, "percent_covered_display": "89", "missing_lines": 2, "excluded_lines": 0, "percent_statements_covered": 88.88888888888889, "percent_statements_covered_display": "89"}, "missing_lines": [59, 90], "excluded_lines": [], "start_line": 42}, "detect_jd_language": {"executed_lines": [102], "summary": {"covered_lines": 1, "num_statements": 1, "percent_covered": 100.0, "percent_covered_display": "100", "missing_lines": 0, "excluded_lines": 0, "percent_statements_covered": 100.0, "percent_statements_covered_display": "100"}, "missing_lines": [], "excluded_lines": [], "start_line": 93}, "detect_ats_platform": {"executed_lines": [107, 108, 109, 110, 111, 112, 113], "summary": {"covered_lines": 7, "num_statements": 7, "percent_covered": 100.0, "percent_covered_display": "100", "missing_lines": 0, "excluded_lines": 0, "percent_statements_covered": 100.0, "percent_statements_covered_display": "100"}, "missing_lines": [], "excluded_lines": [], "start_line": 105}, "_clean_extracted_text": {"executed_lines": [118, 119, 120, 121, 122], "summary": {"covered_lines": 5, "num_statements": 5, "percent_covered": 100.0, "percent_covered_display": "100", "missing_lines": 0, "excluded_lines": 0, "percent_statements_covered": 100.0, "percent_statements_covered_display": "100"}, "missing_lines": [], "excluded_lines": [], "start_line": 116}, "_extract_workday_jd": {"executed_lines": [], "summary": {"covered_lines": 0, "num_statements": 25, "percent_covered": 0.0, "percent_covered_display": "0", "missing_lines": 25, "excluded_lines": 0, "percent_statements_covered": 0.0, "percent_statements_covered_display": "0"}, "missing_lines": [138, 139, 140, 141, 142, 144, 145, 146, 147, 148, 149, 153, 154, 155, 156, 157, 159, 160, 161, 163, 164, 165, 166, 167, 168], "excluded_lines": [], "start_line": 125}, "extract_jd_from_url": {"executed_lines": [176, 177, 179, 182, 188, 189, 196, 197, 198, 199, 200, 202, 205, 206, 208, 217, 218, 219, 220, 221, 222, 224, 226, 227, 229, 231, 232, 233, 234], "summary": {"covered_lines": 29, "num_statements": 32, "percent_covered": 90.625, "percent_covered_display": "91", "missing_lines": 3, "excluded_lines": 0, "percent_statements_covered": 90.625, "percent_statements_covered_display": "91"}, "missing_lines": [183, 184, 185], "excluded_lines": [], "start_line": 171}, "prune_jd": {"executed_lines": [], "summary": {"covered_lines": 0, "num_statements": 10, "percent_covered": 0.0, "percent_covered_display": "0", "missing_lines": 10, "excluded_lines": 0, "percent_statements_covered": 0.0, "percent_statements_covered_display": "0"}, "missing_lines": [242, 243, 245, 246, 248, 249, 251, 252, 253, 254], "excluded_lines": [], "start_line": 237}, "parse_jd": {"executed_lines": [], "summary": {"covered_lines": 0, "num_statements": 14, "percent_covered": 0.0, "percent_covered_display": "0", "missing_lines": 14, "excluded_lines": 0, "percent_statements_covered": 0.0, "percent_statements_covered_display": "0"}, "missing_lines": [263, 264, 266, 269, 270, 271, 272, 274, 275, 276, 277, 278, 279, 280], "excluded_lines": [], "start_line": 257}, "_compute_jd_similarity": {"executed_lines": [], "summary": {"covered_lines": 0, "num_statements": 9, "percent_covered": 0.0, "percent_covered_display": "0", "missing_lines": 9, "excluded_lines": 0, "percent_statements_covered": 0.0, "percent_statements_covered_display": "0"}, "missing_lines": [291, 293, 301, 302, 304, 305, 308, 309, 310], "excluded_lines": [], "start_line": 283}, "_compute_jd_similarity.normalize_and_tokenize": {"executed_lines": [], "summary": {"covered_lines": 0, "num_statements": 3, "percent_covered": 0.0, "percent_covered_display": "0", "missing_lines": 3, "excluded_lines": 0, "percent_statements_covered": 0.0, "percent_statements_covered_display": "0"}, "missing_lines": [296, 298, 299], "excluded_lines": [], "start_line": 293}, "_get_cached_jd": {"executed_lines": [], "summary": {"covered_lines": 0, "num_statements": 16, "percent_covered": 0.0, "percent_covered_display": "0", "missing_lines": 16, "excluded_lines": 0, "percent_statements_covered": 0.0, "percent_statements_covered_display": "0"}, "missing_lines": [322, 323, 325, 327, 328, 329, 333, 335, 337, 342, 343, 344, 345, 347, 348, 349], "excluded_lines": [], "start_line": 313}, "_cache_jd": {"executed_lines": [], "summary": {"covered_lines": 0, "num_statements": 8, "percent_covered": 0.0, "percent_covered_display": "0", "missing_lines": 8, "excluded_lines": 0, "percent_statements_covered": 0.0, "percent_statements_covered_display": "0"}, "missing_lines": [359, 360, 362, 364, 365, 366, 377, 378], "excluded_lines": [], "start_line": 352}, "process_jd": {"executed_lines": [], "summary": {"covered_lines": 0, "num_statements": 20, "percent_covered": 0.0, "percent_covered_display": "0", "missing_lines": 20, "excluded_lines": 0, "percent_statements_covered": 0.0, "percent_statements_covered_display": "0"}, "missing_lines": [393, 396, 397, 398, 401, 402, 405, 406, 407, 409, 411, 412, 414, 422, 423, 424, 430, 431, 439, 441], "excluded_lines": [], "start_line": 381}, "": {"executed_lines": [3, 5, 6, 7, 8, 9, 11, 12, 14, 15, 17, 20, 35, 42, 93, 105, 116, 125, 171, 237, 257, 283, 313, 352, 381], "summary": {"covered_lines": 25, "num_statements": 25, "percent_covered": 100.0, "percent_covered_display": "100", "missing_lines": 0, "excluded_lines": 0, "percent_statements_covered": 100.0, "percent_statements_covered_display": "100"}, "missing_lines": [], "excluded_lines": [], "start_line": 1}}, "classes": {"": {"executed_lines": [3, 5, 6, 7, 8, 9, 11, 12, 14, 15, 17, 20, 35, 42, 51, 52, 54, 55, 56, 58, 62, 69, 75, 76, 78, 79, 82, 83, 86, 87, 93, 102, 105, 107, 108, 109, 110, 111, 112, 113, 116, 118, 119, 120, 121, 122, 125, 171, 176, 177, 179, 182, 188, 189, 196, 197, 198, 199, 200, 202, 205, 206, 208, 217, 218, 219, 220, 221, 222, 224, 226, 227, 229, 231, 232, 233, 234, 237, 257, 283, 313, 352, 381], "summary": {"covered_lines": 83, "num_statements": 196, "percent_covered": 42.3469387755102, "percent_covered_display": "42", "missing_lines": 113, "excluded_lines": 0, "percent_statements_covered": 42.3469387755102, "percent_statements_covered_display": "42"}, "missing_lines": [37, 38, 39, 59, 90, 138, 139, 140, 141, 142, 144, 145, 146, 147, 148, 149, 153, 154, 155, 156, 157, 159, 160, 161, 163, 164, 165, 166, 167, 168, 183, 184, 185, 242, 243, 245, 246, 248, 249, 251, 252, 253, 254, 263, 264, 266, 269, 270, 271, 272, 274, 275, 276, 277, 278, 279, 280, 291, 293, 296, 298, 299, 301, 302, 304, 305, 308, 309, 310, 322, 323, 325, 327, 328, 329, 333, 335, 337, 342, 343, 344, 345, 347, 348, 349, 359, 360, 362, 364, 365, 366, 377, 378, 393, 396, 397, 398, 401, 402, 405, 406, 407, 409, 411, 412, 414, 422, 423, 424, 430, 431, 439, 441], "excluded_lines": [], "start_line": 1}}}, "jseeker\\job_discovery.py": {"executed_lines": [3, 5, 6, 7, 8, 9, 11, 12, 14, 15, 17, 21, 28, 80, 87, 155, 238, 347, 416, 463, 515, 524, 525, 526, 527, 529, 530, 531, 532, 534, 537, 546, 549, 572, 573, 575, 576, 577, 579, 580, 581, 583, 584, 585, 588, 593, 596, 597, 598, 599, 601, 604, 605, 607, 613, 614, 615, 617, 618, 621, 641], "summary": {"covered_lines": 61, "num_statements": 296, "percent_covered": 20.60810810810811, "percent_covered_display": "21", "missing_lines": 235, "excluded_lines": 0, "percent_statements_covered": 20.60810810810811, "percent_statements_covered_display": "21"}, "missing_lines": [104, 105, 106, 107, 109, 111, 112, 113, 114, 115, 117, 118, 119, 120, 121, 122, 123, 124, 130, 133, 134, 135, 136, 138, 139, 141, 142, 144, 146, 148, 150, 152, 169, 172, 173, 174, 177, 179, 180, 184, 186, 187, 193, 194, 195, 196, 201, 203, 204, 205, 206, 207, 209, 210, 211, 213, 214, 215, 216, 217, 219, 222, 223, 224, 225, 226, 227, 229, 232, 233, 235, 249, 252, 253, 254, 255, 256, 257, 258, 260, 262, 264, 265, 266, 267, 269, 272, 273, 274, 275, 276, 279, 280, 281, 284, 285, 286, 289, 290, 291, 293, 294, 295, 296, 297, 298, 299, 300, 301, 303, 305, 306, 316, 317, 318, 319, 320, 321, 322, 323, 324, 325, 327, 328, 329, 330, 331, 341, 342, 344, 357, 360, 361, 362, 363, 364, 366, 368, 370, 371, 372, 375, 376, 377, 378, 379, 382, 383, 384, 387, 388, 390, 391, 392, 395, 397, 398, 399, 400, 401, 403, 404, 413, 426, 427, 429, 430, 432, 433, 434, 435, 437, 438, 439, 441, 442, 443, 444, 446, 457, 458, 460, 472, 475, 476, 479, 480, 481, 482, 483, 484, 485, 486, 489, 490, 491, 492, 493, 496, 497, 498, 499, 500, 501, 502, 503, 506, 507, 508, 509, 512, 589, 590, 630, 631, 633, 634, 635, 636, 637, 638, 646, 648, 649, 650, 651, 652, 653, 655, 656, 658, 660, 668, 671, 673], "excluded_lines": [], "functions": {"search_jobs": {"executed_lines": [], "summary": {"covered_lines": 0, "num_statements": 32, "percent_covered": 0.0, "percent_covered_display": "0", "missing_lines": 32, "excluded_lines": 0, "percent_statements_covered": 0.0, "percent_statements_covered_display": "0"}, "missing_lines": [104, 105, 106, 107, 109, 111, 112, 113, 114, 115, 117, 118, 119, 120, 121, 122, 123, 124, 130, 133, 134, 135, 136, 138, 139, 141, 142, 144, 146, 148, 150, 152], "excluded_lines": [], "start_line": 87}, "_search_source": {"executed_lines": [], "summary": {"covered_lines": 0, "num_statements": 39, "percent_covered": 0.0, "percent_covered_display": "0", "missing_lines": 39, "excluded_lines": 0, "percent_statements_covered": 0.0, "percent_statements_covered_display": "0"}, "missing_lines": [169, 172, 173, 174, 177, 179, 180, 184, 186, 187, 193, 194, 195, 196, 201, 203, 204, 205, 206, 207, 209, 210, 211, 213, 214, 215, 216, 217, 219, 222, 223, 224, 225, 226, 227, 229, 232, 233, 235], "excluded_lines": [], "start_line": 155}, "_parse_indeed": {"executed_lines": [], "summary": {"covered_lines": 0, "num_statements": 59, "percent_covered": 0.0, "percent_covered_display": "0", "missing_lines": 59, "excluded_lines": 0, "percent_statements_covered": 0.0, "percent_statements_covered_display": "0"}, "missing_lines": [249, 252, 253, 254, 255, 256, 257, 258, 260, 262, 264, 265, 266, 267, 269, 272, 273, 274, 275, 276, 279, 280, 281, 284, 285, 286, 289, 290, 291, 293, 294, 295, 296, 297, 298, 299, 300, 301, 303, 305, 306, 316, 317, 318, 319, 320, 321, 322, 323, 324, 325, 327, 328, 329, 330, 331, 341, 342, 344], "excluded_lines": [], "start_line": 238}, "_parse_linkedin": {"executed_lines": [], "summary": {"covered_lines": 0, "num_statements": 33, "percent_covered": 0.0, "percent_covered_display": "0", "missing_lines": 33, "excluded_lines": 0, "percent_statements_covered": 0.0, "percent_statements_covered_display": "0"}, "missing_lines": [357, 360, 361, 362, 363, 364, 366, 368, 370, 371, 372, 375, 376, 377, 378, 379, 382, 383, 384, 387, 388, 390, 391, 392, 395, 397, 398, 399, 400, 401, 403, 404, 413], "excluded_lines": [], "start_line": 347}, "_parse_wellfound": {"executed_lines": [], "summary": {"covered_lines": 0, "num_statements": 19, "percent_covered": 0.0, "percent_covered_display": "0", "missing_lines": 19, "excluded_lines": 0, "percent_statements_covered": 0.0, "percent_statements_covered_display": "0"}, "missing_lines": [426, 427, 429, 430, 432, 433, 434, 435, 437, 438, 439, 441, 442, 443, 444, 446, 457, 458, 460], "excluded_lines": [], "start_line": 416}, "_parse_relative_date": {"executed_lines": [], "summary": {"covered_lines": 0, "num_statements": 29, "percent_covered": 0.0, "percent_covered_display": "0", "missing_lines": 29, "excluded_lines": 0, "percent_statements_covered": 0.0, "percent_statements_covered_display": "0"}, "missing_lines": [472, 475, 476, 479, 480, 481, 482, 483, 484, 485, 486, 489, 490, 491, 492, 493, 496, 497, 498, 499, 500, 501, 502, 503, 506, 507, 508, 509, 512], "excluded_lines": [], "start_line": 463}, "rank_discoveries_by_tag_weight": {"executed_lines": [524, 525, 526, 527, 529, 530, 531, 532, 534, 537, 546], "summary": {"covered_lines": 11, "num_statements": 11, "percent_covered": 100.0, "percent_covered_display": "100", "missing_lines": 0, "excluded_lines": 0, "percent_statements_covered": 100.0, "percent_statements_covered_display": "100"}, "missing_lines": [], "excluded_lines": [], "start_line": 515}, "search_jobs_async": {"executed_lines": [572, 573, 575, 576, 577, 579, 580, 581, 583, 584, 585, 588, 593, 596, 597, 598, 599, 601, 604, 605, 607, 613, 614, 615, 617, 618], "summary": {"covered_lines": 26, "num_statements": 28, "percent_covered": 92.85714285714286, "percent_covered_display": "93", "missing_lines": 2, "excluded_lines": 0, "percent_statements_covered": 92.85714285714286, "percent_statements_covered_display": "93"}, "missing_lines": [589, 590], "excluded_lines": [], "start_line": 549}, "save_discoveries": {"executed_lines": [], "summary": {"covered_lines": 0, "num_statements": 8, "percent_covered": 0.0, "percent_covered_display": "0", "missing_lines": 8, "excluded_lines": 0, "percent_statements_covered": 0.0, "percent_statements_covered_display": "0"}, "missing_lines": [630, 631, 633, 634, 635, 636, 637, 638], "excluded_lines": [], "start_line": 621}, "import_discovery_to_application": {"executed_lines": [], "summary": {"covered_lines": 0, "num_statements": 14, "percent_covered": 0.0, "percent_covered_display": "0", "missing_lines": 14, "excluded_lines": 0, "percent_statements_covered": 0.0, "percent_statements_covered_display": "0"}, "missing_lines": [646, 648, 649, 650, 651, 652, 653, 655, 656, 658, 660, 668, 671, 673], "excluded_lines": [], "start_line": 641}, "": {"executed_lines": [3, 5, 6, 7, 8, 9, 11, 12, 14, 15, 17, 21, 28, 80, 87, 155, 238, 347, 416, 463, 515, 549, 621, 641], "summary": {"covered_lines": 24, "num_statements": 24, "percent_covered": 100.0, "percent_covered_display": "100", "missing_lines": 0, "excluded_lines": 0, "percent_statements_covered": 100.0, "percent_statements_covered_display": "100"}, "missing_lines": [], "excluded_lines": [], "start_line": 1}}, "classes": {"": {"executed_lines": [3, 5, 6, 7, 8, 9, 11, 12, 14, 15, 17, 21, 28, 80, 87, 155, 238, 347, 416, 463, 515, 524, 525, 526, 527, 529, 530, 531, 532, 534, 537, 546, 549, 572, 573, 575, 576, 577, 579, 580, 581, 583, 584, 585, 588, 593, 596, 597, 598, 599, 601, 604, 605, 607, 613, 614, 615, 617, 618, 621, 641], "summary": {"covered_lines": 61, "num_statements": 296, "percent_covered": 20.60810810810811, "percent_covered_display": "21", "missing_lines": 235, "excluded_lines": 0, "percent_statements_covered": 20.60810810810811, "percent_statements_covered_display": "21"}, "missing_lines": [104, 105, 106, 107, 109, 111, 112, 113, 114, 115, 117, 118, 119, 120, 121, 122, 123, 124, 130, 133, 134, 135, 136, 138, 139, 141, 142, 144, 146, 148, 150, 152, 169, 172, 173, 174, 177, 179, 180, 184, 186, 187, 193, 194, 195, 196, 201, 203, 204, 205, 206, 207, 209, 210, 211, 213, 214, 215, 216, 217, 219, 222, 223, 224, 225, 226, 227, 229, 232, 233, 235, 249, 252, 253, 254, 255, 256, 257, 258, 260, 262, 264, 265, 266, 267, 269, 272, 273, 274, 275, 276, 279, 280, 281, 284, 285, 286, 289, 290, 291, 293, 294, 295, 296, 297, 298, 299, 300, 301, 303, 305, 306, 316, 317, 318, 319, 320, 321, 322, 323, 324, 325, 327, 328, 329, 330, 331, 341, 342, 344, 357, 360, 361, 362, 363, 364, 366, 368, 370, 371, 372, 375, 376, 377, 378, 379, 382, 383, 384, 387, 388, 390, 391, 392, 395, 397, 398, 399, 400, 401, 403, 404, 413, 426, 427, 429, 430, 432, 433, 434, 435, 437, 438, 439, 441, 442, 443, 444, 446, 457, 458, 460, 472, 475, 476, 479, 480, 481, 482, 483, 484, 485, 486, 489, 490, 491, 492, 493, 496, 497, 498, 499, 500, 501, 502, 503, 506, 507, 508, 509, 512, 589, 590, 630, 631, 633, 634, 635, 636, 637, 638, 646, 648, 649, 650, 651, 652, 653, 655, 656, 658, 660, 668, 671, 673], "excluded_lines": [], "start_line": 1}}}, "jseeker\\job_monitor.py": {"executed_lines": [3, 5, 6, 8, 10, 11, 15, 28, 35, 41, 42, 44, 45, 48, 49, 52, 53, 54, 55, 58, 60, 61, 62, 64, 65, 66, 68, 71, 76, 77, 79, 80, 81, 82, 84, 85, 87, 88, 91, 95, 105, 110, 113, 115, 116, 117, 119, 120, 121, 122, 123, 124, 125, 126, 127, 129], "summary": {"covered_lines": 56, "num_statements": 56, "percent_covered": 100.0, "percent_covered_display": "100", "missing_lines": 0, "excluded_lines": 0, "percent_statements_covered": 100.0, "percent_statements_covered_display": "100"}, "missing_lines": [], "excluded_lines": [], "functions": {"check_url_status": {"executed_lines": [41, 42, 44, 45, 48, 49, 52, 53, 54, 55, 58, 60, 61, 62, 64, 65, 66, 68], "summary": {"covered_lines": 18, "num_statements": 18, "percent_covered": 100.0, "percent_covered_display": "100", "missing_lines": 0, "excluded_lines": 0, "percent_statements_covered": 100.0, "percent_statements_covered_display": "100"}, "missing_lines": [], "excluded_lines": [], "start_line": 35}, "check_all_active_jobs": {"executed_lines": [76, 77, 79, 80, 81, 82, 84, 85, 87, 88, 91, 95, 105, 110], "summary": {"covered_lines": 14, "num_statements": 14, "percent_covered": 100.0, "percent_covered_display": "100", "missing_lines": 0, "excluded_lines": 0, "percent_statements_covered": 100.0, "percent_statements_covered_display": "100"}, "missing_lines": [], "excluded_lines": [], "start_line": 71}, "get_ghost_candidates": {"executed_lines": [115, 116, 117, 119, 120, 121, 122, 123, 124, 125, 126, 127, 129], "summary": {"covered_lines": 13, "num_statements": 13, "percent_covered": 100.0, "percent_covered_display": "100", "missing_lines": 0, "excluded_lines": 0, "percent_statements_covered": 100.0, "percent_statements_covered_display": "100"}, "missing_lines": [], "excluded_lines": [], "start_line": 113}, "": {"executed_lines": [3, 5, 6, 8, 10, 11, 15, 28, 35, 71, 113], "summary": {"covered_lines": 11, "num_statements": 11, "percent_covered": 100.0, "percent_covered_display": "100", "missing_lines": 0, "excluded_lines": 0, "percent_statements_covered": 100.0, "percent_statements_covered_display": "100"}, "missing_lines": [], "excluded_lines": [], "start_line": 1}}, "classes": {"": {"executed_lines": [3, 5, 6, 8, 10, 11, 15, 28, 35, 41, 42, 44, 45, 48, 49, 52, 53, 54, 55, 58, 60, 61, 62, 64, 65, 66, 68, 71, 76, 77, 79, 80, 81, 82, 84, 85, 87, 88, 91, 95, 105, 110, 113, 115, 116, 117, 119, 120, 121, 122, 123, 124, 125, 126, 127, 129], "summary": {"covered_lines": 56, "num_statements": 56, "percent_covered": 100.0, "percent_covered_display": "100", "missing_lines": 0, "excluded_lines": 0, "percent_statements_covered": 100.0, "percent_statements_covered_display": "100"}, "missing_lines": [], "excluded_lines": [], "start_line": 1}}}, "jseeker\\llm.py": {"executed_lines": [3, 5, 6, 7, 8, 9, 10, 11, 13, 14, 21, 22, 24, 27, 30, 58, 59, 60, 61, 62, 64, 65, 66, 67, 73, 74, 75, 80, 81, 83, 86, 92, 94, 98, 104, 106, 109, 112, 113, 114, 115, 116, 118, 119, 120, 121, 122, 123, 127, 129, 156, 161, 168, 171, 172, 173, 174, 175, 176, 179, 180, 181, 182, 190, 191, 198, 201, 202, 203, 204, 207, 208, 209, 210, 211, 218, 224, 236, 237, 238, 243, 247, 249, 251, 253, 255, 257, 259, 261, 263, 267, 268, 281, 289, 290, 297, 298, 299, 300, 301, 303, 304, 306, 307, 309, 311, 313, 314, 315, 316, 317, 318, 319, 320, 321, 323, 325, 326, 327, 328, 335], "summary": {"covered_lines": 121, "num_statements": 136, "percent_covered": 88.97058823529412, "percent_covered_display": "89", "missing_lines": 15, "excluded_lines": 0, "percent_statements_covered": 88.97058823529412, "percent_statements_covered_display": "89"}, "missing_lines": [89, 90, 126, 162, 163, 164, 165, 183, 186, 187, 239, 240, 244, 245, 312], "excluded_lines": [], "functions": {"retry_on_transient_errors": {"executed_lines": [58, 59, 94], "summary": {"covered_lines": 3, "num_statements": 3, "percent_covered": 100.0, "percent_covered_display": "100", "missing_lines": 0, "excluded_lines": 0, "percent_statements_covered": 100.0, "percent_statements_covered_display": "100"}, "missing_lines": [], "excluded_lines": [], "start_line": 30}, "retry_on_transient_errors.decorator": {"executed_lines": [60, 92], "summary": {"covered_lines": 2, "num_statements": 2, "percent_covered": 100.0, "percent_covered_display": "100", "missing_lines": 0, "excluded_lines": 0, "percent_statements_covered": 100.0, "percent_statements_covered_display": "100"}, "missing_lines": [], "excluded_lines": [], "start_line": 58}, "retry_on_transient_errors.decorator.wrapper": {"executed_lines": [61, 62, 64, 65, 66, 67, 73, 74, 75, 80, 81, 83, 86], "summary": {"covered_lines": 13, "num_statements": 15, "percent_covered": 86.66666666666667, "percent_covered_display": "87", "missing_lines": 2, "excluded_lines": 0, "percent_statements_covered": 86.66666666666667, "percent_statements_covered_display": "87"}, "missing_lines": [89, 90], "excluded_lines": [], "start_line": 60}, "JseekerLLM.__init__": {"executed_lines": [113, 114, 115, 116], "summary": {"covered_lines": 4, "num_statements": 4, "percent_covered": 100.0, "percent_covered_display": "100", "missing_lines": 0, "excluded_lines": 0, "percent_statements_covered": 100.0, "percent_statements_covered_display": "100"}, "missing_lines": [], "excluded_lines": [], "start_line": 112}, "JseekerLLM.client": {"executed_lines": [120, 121, 122, 123, 127], "summary": {"covered_lines": 5, "num_statements": 6, "percent_covered": 83.33333333333333, "percent_covered_display": "83", "missing_lines": 1, "excluded_lines": 0, "percent_statements_covered": 83.33333333333333, "percent_statements_covered_display": "83"}, "missing_lines": [126], "excluded_lines": [], "start_line": 119}, "JseekerLLM.call": {"executed_lines": [156, 161, 168, 171, 172, 173, 174, 175, 176, 179, 180, 181, 182, 190, 191, 198, 201, 202, 203, 204, 207, 208, 209, 210, 211, 218, 224, 236, 237, 238, 243, 247], "summary": {"covered_lines": 32, "num_statements": 43, "percent_covered": 74.4186046511628, "percent_covered_display": "74", "missing_lines": 11, "excluded_lines": 0, "percent_statements_covered": 74.4186046511628, "percent_statements_covered_display": "74"}, "missing_lines": [162, 163, 164, 165, 183, 186, 187, 239, 240, 244, 245], "excluded_lines": [], "start_line": 129}, "JseekerLLM.call_haiku": {"executed_lines": [251], "summary": {"covered_lines": 1, "num_statements": 1, "percent_covered": 100.0, "percent_covered_display": "100", "missing_lines": 0, "excluded_lines": 0, "percent_statements_covered": 100.0, "percent_statements_covered_display": "100"}, "missing_lines": [], "excluded_lines": [], "start_line": 249}, "JseekerLLM.call_sonnet": {"executed_lines": [255], "summary": {"covered_lines": 1, "num_statements": 1, "percent_covered": 100.0, "percent_covered_display": "100", "missing_lines": 0, "excluded_lines": 0, "percent_statements_covered": 100.0, "percent_statements_covered_display": "100"}, "missing_lines": [], "excluded_lines": [], "start_line": 253}, "JseekerLLM.get_session_costs": {"executed_lines": [259], "summary": {"covered_lines": 1, "num_statements": 1, "percent_covered": 100.0, "percent_covered_display": "100", "missing_lines": 0, "excluded_lines": 0, "percent_statements_covered": 100.0, "percent_statements_covered_display": "100"}, "missing_lines": [], "excluded_lines": [], "start_line": 257}, "JseekerLLM.get_total_session_cost": {"executed_lines": [263], "summary": {"covered_lines": 1, "num_statements": 1, "percent_covered": 100.0, "percent_covered_display": "100", "missing_lines": 0, "excluded_lines": 0, "percent_statements_covered": 100.0, "percent_statements_covered_display": "100"}, "missing_lines": [], "excluded_lines": [], "start_line": 261}, "JseekerLLM._call_anthropic": {"executed_lines": [281], "summary": {"covered_lines": 1, "num_statements": 1, "percent_covered": 100.0, "percent_covered_display": "100", "missing_lines": 0, "excluded_lines": 0, "percent_statements_covered": 100.0, "percent_statements_covered_display": "100"}, "missing_lines": [], "excluded_lines": [], "start_line": 268}, "JseekerLLM._calculate_cost": {"executed_lines": [297, 298, 299, 300, 301], "summary": {"covered_lines": 5, "num_statements": 5, "percent_covered": 100.0, "percent_covered_display": "100", "missing_lines": 0, "excluded_lines": 0, "percent_statements_covered": 100.0, "percent_statements_covered_display": "100"}, "missing_lines": [], "excluded_lines": [], "start_line": 290}, "JseekerLLM._cache_key": {"executed_lines": [306, 307], "summary": {"covered_lines": 2, "num_statements": 2, "percent_covered": 100.0, "percent_covered_display": "100", "missing_lines": 0, "excluded_lines": 0, "percent_statements_covered": 100.0, "percent_statements_covered_display": "100"}, "missing_lines": [], "excluded_lines": [], "start_line": 304}, "JseekerLLM._get_cached": {"executed_lines": [311, 313, 314, 315, 316, 317, 318, 319, 320, 321], "summary": {"covered_lines": 10, "num_statements": 11, "percent_covered": 90.9090909090909, "percent_covered_display": "91", "missing_lines": 1, "excluded_lines": 0, "percent_statements_covered": 90.9090909090909, "percent_statements_covered_display": "91"}, "missing_lines": [312], "excluded_lines": [], "start_line": 309}, "JseekerLLM._set_cached": {"executed_lines": [325, 326, 327, 328], "summary": {"covered_lines": 4, "num_statements": 4, "percent_covered": 100.0, "percent_covered_display": "100", "missing_lines": 0, "excluded_lines": 0, "percent_statements_covered": 100.0, "percent_statements_covered_display": "100"}, "missing_lines": [], "excluded_lines": [], "start_line": 323}, "": {"executed_lines": [3, 5, 6, 7, 8, 9, 10, 11, 13, 14, 21, 22, 24, 27, 30, 98, 104, 106, 109, 112, 118, 119, 129, 249, 253, 257, 261, 267, 268, 289, 290, 303, 304, 309, 323, 335], "summary": {"covered_lines": 36, "num_statements": 36, "percent_covered": 100.0, "percent_covered_display": "100", "missing_lines": 0, "excluded_lines": 0, "percent_statements_covered": 100.0, "percent_statements_covered_display": "100"}, "missing_lines": [], "excluded_lines": [], "start_line": 1}}, "classes": {"BudgetExceededError": {"executed_lines": [], "summary": {"covered_lines": 0, "num_statements": 0, "percent_covered": 100.0, "percent_covered_display": "100", "missing_lines": 0, "excluded_lines": 0, "percent_statements_covered": 100.0, "percent_statements_covered_display": "100"}, "missing_lines": [], "excluded_lines": [], "start_line": 104}, "JseekerLLM": {"executed_lines": [113, 114, 115, 116, 120, 121, 122, 123, 127, 156, 161, 168, 171, 172, 173, 174, 175, 176, 179, 180, 181, 182, 190, 191, 198, 201, 202, 203, 204, 207, 208, 209, 210, 211, 218, 224, 236, 237, 238, 243, 247, 251, 255, 259, 263, 281, 297, 298, 299, 300, 301, 306, 307, 311, 313, 314, 315, 316, 317, 318, 319, 320, 321, 325, 326, 327, 328], "summary": {"covered_lines": 67, "num_statements": 80, "percent_covered": 83.75, "percent_covered_display": "84", "missing_lines": 13, "excluded_lines": 0, "percent_statements_covered": 83.75, "percent_statements_covered_display": "84"}, "missing_lines": [126, 162, 163, 164, 165, 183, 186, 187, 239, 240, 244, 245, 312], "excluded_lines": [], "start_line": 109}, "": {"executed_lines": [3, 5, 6, 7, 8, 9, 10, 11, 13, 14, 21, 22, 24, 27, 30, 58, 59, 60, 61, 62, 64, 65, 66, 67, 73, 74, 75, 80, 81, 83, 86, 92, 94, 98, 104, 106, 109, 112, 118, 119, 129, 249, 253, 257, 261, 267, 268, 289, 290, 303, 304, 309, 323, 335], "summary": {"covered_lines": 54, "num_statements": 56, "percent_covered": 96.42857142857143, "percent_covered_display": "96", "missing_lines": 2, "excluded_lines": 0, "percent_statements_covered": 96.42857142857143, "percent_statements_covered_display": "96"}, "missing_lines": [89, 90], "excluded_lines": [], "start_line": 1}}}, "jseeker\\matcher.py": {"executed_lines": [3, 5, 6, 7, 9, 10, 11, 13, 16, 23, 31, 32, 33, 34, 35, 37, 38, 40, 41, 42, 44, 45, 46, 48, 50, 51, 53, 58, 61, 132, 134, 135, 136, 137, 138, 150, 151, 154, 159, 165, 167, 168, 169], "summary": {"covered_lines": 43, "num_statements": 88, "percent_covered": 48.86363636363637, "percent_covered_display": "49", "missing_lines": 45, "excluded_lines": 0, "percent_statements_covered": 48.86363636363637, "percent_statements_covered_display": "49"}, "missing_lines": [18, 19, 20, 67, 70, 73, 75, 82, 83, 85, 86, 92, 93, 94, 95, 98, 99, 100, 101, 103, 104, 105, 106, 107, 108, 110, 111, 112, 113, 114, 115, 116, 118, 128, 129, 171, 174, 175, 179, 180, 181, 182, 185, 186, 187], "excluded_lines": [], "functions": {"_load_prompt": {"executed_lines": [], "summary": {"covered_lines": 0, "num_statements": 3, "percent_covered": 0.0, "percent_covered_display": "0", "missing_lines": 3, "excluded_lines": 0, "percent_statements_covered": 0.0, "percent_statements_covered_display": "0"}, "missing_lines": [18, 19, 20], "excluded_lines": [], "start_line": 16}, "local_keyword_score": {"executed_lines": [31, 32, 33, 34, 35, 37, 38, 40, 41, 42, 44, 45, 46, 48, 50, 51, 53, 58], "summary": {"covered_lines": 18, "num_statements": 18, "percent_covered": 100.0, "percent_covered_display": "100", "missing_lines": 0, "excluded_lines": 0, "percent_statements_covered": 100.0, "percent_statements_covered_display": "100"}, "missing_lines": [], "excluded_lines": [], "start_line": 23}, "llm_relevance_score": {"executed_lines": [], "summary": {"covered_lines": 0, "num_statements": 32, "percent_covered": 0.0, "percent_covered_display": "0", "missing_lines": 32, "excluded_lines": 0, "percent_statements_covered": 0.0, "percent_statements_covered_display": "0"}, "missing_lines": [67, 70, 73, 75, 82, 83, 85, 86, 92, 93, 94, 95, 98, 99, 100, 101, 103, 104, 105, 106, 107, 108, 110, 111, 112, 113, 114, 115, 116, 118, 128, 129], "excluded_lines": [], "start_line": 61}, "_build_local_fallback_rankings": {"executed_lines": [134, 135, 136, 137, 138, 150, 151], "summary": {"covered_lines": 7, "num_statements": 7, "percent_covered": 100.0, "percent_covered_display": "100", "missing_lines": 0, "excluded_lines": 0, "percent_statements_covered": 100.0, "percent_statements_covered_display": "100"}, "missing_lines": [], "excluded_lines": [], "start_line": 132}, "match_templates": {"executed_lines": [159, 165, 167, 168, 169], "summary": {"covered_lines": 5, "num_statements": 15, "percent_covered": 33.333333333333336, "percent_covered_display": "33", "missing_lines": 10, "excluded_lines": 0, "percent_statements_covered": 33.333333333333336, "percent_statements_covered_display": "33"}, "missing_lines": [171, 174, 175, 179, 180, 181, 182, 185, 186, 187], "excluded_lines": [], "start_line": 154}, "": {"executed_lines": [3, 5, 6, 7, 9, 10, 11, 13, 16, 23, 61, 132, 154], "summary": {"covered_lines": 13, "num_statements": 13, "percent_covered": 100.0, "percent_covered_display": "100", "missing_lines": 0, "excluded_lines": 0, "percent_statements_covered": 100.0, "percent_statements_covered_display": "100"}, "missing_lines": [], "excluded_lines": [], "start_line": 1}}, "classes": {"": {"executed_lines": [3, 5, 6, 7, 9, 10, 11, 13, 16, 23, 31, 32, 33, 34, 35, 37, 38, 40, 41, 42, 44, 45, 46, 48, 50, 51, 53, 58, 61, 132, 134, 135, 136, 137, 138, 150, 151, 154, 159, 165, 167, 168, 169], "summary": {"covered_lines": 43, "num_statements": 88, "percent_covered": 48.86363636363637, "percent_covered_display": "49", "missing_lines": 45, "excluded_lines": 0, "percent_statements_covered": 48.86363636363637, "percent_statements_covered_display": "49"}, "missing_lines": [18, 19, 20, 67, 70, 73, 75, 82, 83, 85, 86, 92, 93, 94, 95, 98, 99, 100, 101, 103, 104, 105, 106, 107, 108, 110, 111, 112, 113, 114, 115, 116, 118, 128, 129, 171, 174, 175, 179, 180, 181, 182, 185, 186, 187], "excluded_lines": [], "start_line": 1}}}, "jseeker\\models.py": {"executed_lines": [3, 5, 6, 7, 9, 14, 16, 19, 21, 26, 27, 28, 29, 32, 33, 34, 35, 36, 37, 40, 41, 42, 43, 44, 45, 46, 47, 48, 49, 52, 53, 54, 55, 56, 59, 60, 61, 62, 63, 64, 65, 66, 69, 70, 71, 72, 73, 78, 80, 81, 82, 83, 86, 88, 89, 90, 91, 92, 93, 94, 95, 96, 97, 98, 99, 100, 101, 102, 107, 108, 109, 110, 111, 112, 113, 114, 115, 116, 119, 120, 121, 124, 125, 126, 127, 128, 129, 130, 131, 132, 135, 136, 137, 140, 141, 142, 145, 146, 147, 150, 151, 152, 153, 154, 155, 158, 159, 162, 164, 165, 166, 167, 168, 169, 170, 171, 176, 178, 179, 180, 181, 182, 183, 186, 188, 189, 190, 191, 192, 193, 194, 195, 196, 197, 200, 202, 203, 204, 205, 206, 207, 208, 209, 210, 211, 212, 213, 218, 220, 221, 222, 223, 224, 225, 226, 227, 228, 229, 230, 235, 237, 238, 239, 240, 241, 242, 247, 248, 249, 250, 251, 252, 253, 254, 255, 258, 259, 260, 261, 262, 263, 264, 265, 266, 267, 268, 269, 270, 271, 272, 273, 274, 275, 276, 277, 278, 279, 280, 281, 282, 283, 284, 285, 288, 289, 290, 291, 292, 293, 294, 295, 296, 297, 298, 299, 300, 303, 304, 305, 306, 307, 308, 309, 310, 311, 314, 315, 316, 317, 318, 319, 320, 321, 322, 323, 324, 325, 326, 327, 328, 331, 332, 333, 334, 335], "summary": {"covered_lines": 245, "num_statements": 245, "percent_covered": 100.0, "percent_covered_display": "100",
[...]
_lines": [], "start_line": 373}, "TrackerDB.get_or_create_company": {"executed_lines": [386, 387, 388, 389, 390, 391, 392, 393, 394, 395, 396, 397], "summary": {"covered_lines": 12, "num_statements": 12, "percent_covered": 100.0, "percent_covered_display": "100", "missing_lines": 0, "excluded_lines": 0, "percent_statements_covered": 100.0, "percent_statements_covered_display": "100"}, "missing_lines": [], "excluded_lines": [], "start_line": 385}, "TrackerDB.update_company_name": {"executed_lines": [], "summary": {"covered_lines": 0, "num_statements": 5, "percent_covered": 0.0, "percent_covered_display": "0", "missing_lines": 5, "excluded_lines": 0, "percent_statements_covered": 0.0, "percent_statements_covered_display": "0"}, "missing_lines": [406, 407, 408, 409, 410], "excluded_lines": [], "start_line": 399}, "TrackerDB.add_application": {"executed_lines": [415, 416, 417, 431, 432, 433, 434], "summary": {"covered_lines": 7, "num_statements": 7, "percent_covered": 100.0, "percent_covered_display": "100", "missing_lines": 0, "excluded_lines": 0, "percent_statements_covered": 100.0, "percent_statements_covered_display": "100"}, "missing_lines": [], "excluded_lines": [], "start_line": 414}, "TrackerDB.get_application": {"executed_lines": [437, 438, 439, 443, 444, 445], "summary": {"covered_lines": 6, "num_statements": 6, "percent_covered": 100.0, "percent_covered_display": "100", "missing_lines": 0, "excluded_lines": 0, "percent_statements_covered": 100.0, "percent_statements_covered_display": "100"}, "missing_lines": [], "excluded_lines": [], "start_line": 436}, "TrackerDB.list_applications": {"executed_lines": [453, 454, 455, 460, 461, 462, 463, 464, 467, 470, 471, 472, 473, 474], "summary": {"covered_lines": 14, "num_statements": 18, "percent_covered": 77.77777777777777, "percent_covered_display": "78", "missing_lines": 4, "excluded_lines": 0, "percent_statements_covered": 77.77777777777777, "percent_statements_covered_display": "78"}, "missing_lines": [465, 466, 468, 469], "excluded_lines": [], "start_line": 447}, "TrackerDB.update_application_status": {"executed_lines": [479, 480, 481, 482, 483, 484, 488, 489], "summary": {"covered_lines": 8, "num_statements": 8, "percent_covered": 100.0, "percent_covered_display": "100", "missing_lines": 0, "excluded_lines": 0, "percent_statements_covered": 100.0, "percent_statements_covered_display": "100"}, "missing_lines": [], "excluded_lines": [], "start_line": 476}, "TrackerDB.update_application": {"executed_lines": [502, 503, 505, 506, 507, 508, 509, 510, 511, 512, 513, 514, 515, 516], "summary": {"covered_lines": 14, "num_statements": 15, "percent_covered": 93.33333333333333, "percent_covered_display": "93", "missing_lines": 1, "excluded_lines": 0, "percent_statements_covered": 93.33333333333333, "percent_statements_covered_display": "93"}, "missing_lines": [504], "excluded_lines": [], "start_line": 501}, "TrackerDB.add_resume": {"executed_lines": [521, 522, 523, 532, 533, 534, 535], "summary": {"covered_lines": 7, "num_statements": 7, "percent_covered": 100.0, "percent_covered_display": "100", "missing_lines": 0, "excluded_lines": 0, "percent_statements_covered": 100.0, "percent_statements_covered_display": "100"}, "missing_lines": [], "excluded_lines": [], "start_line": 520}, "TrackerDB.get_resumes_for_application": {"executed_lines": [538, 539, 540, 541, 542, 543], "summary": {"covered_lines": 6, "num_statements": 6, "percent_covered": 100.0, "percent_covered_display": "100", "missing_lines": 0, "excluded_lines": 0, "percent_statements_covered": 100.0, "percent_statements_covered_display": "100"}, "missing_lines": [], "excluded_lines": [], "start_line": 537}, "TrackerDB.log_cost": {"executed_lines": [548, 549, 550, 556, 557], "summary": {"covered_lines": 5, "num_statements": 5, "percent_covered": 100.0, "percent_covered_display": "100", "missing_lines": 0, "excluded_lines": 0, "percent_statements_covered": 100.0, "percent_statements_covered_display": "100"}, "missing_lines": [], "excluded_lines": [], "start_line": 547}, "TrackerDB.get_monthly_cost": {"executed_lines": [560, 561, 562, 565, 566, 567], "summary": {"covered_lines": 6, "num_statements": 6, "percent_covered": 100.0, "percent_covered_display": "100", "missing_lines": 0, "excluded_lines": 0, "percent_statements_covered": 100.0, "percent_statements_covered_display": "100"}, "missing_lines": [], "excluded_lines": [], "start_line": 559}, "TrackerDB.add_discovery": {"executed_lines": [572, 573, 574, 575, 576, 585, 586, 587, 588, 589, 590], "summary": {"covered_lines": 11, "num_statements": 11, "percent_covered": 100.0, "percent_covered_display": "100", "missing_lines": 0, "excluded_lines": 0, "percent_statements_covered": 100.0, "percent_statements_covered_display": "100"}, "missing_lines": [], "excluded_lines": [], "start_line": 571}, "TrackerDB.list_discoveries": {"executed_lines": [609, 610, 611, 612, 614, 615, 616, 617, 619, 620, 621, 623, 624, 625, 627, 628, 629, 631, 632, 633, 634, 645, 647, 648, 649, 650, 651], "summary": {"covered_lines": 27, "num_statements": 27, "percent_covered": 100.0, "percent_covered_display": "100", "missing_lines": 0, "excluded_lines": 0, "percent_statements_covered": 100.0, "percent_statements_covered_display": "100"}, "missing_lines": [], "excluded_lines": [], "start_line": 592}, "TrackerDB.update_discovery_status": {"executed_lines": [], "summary": {"covered_lines": 0, "num_statements": 6, "percent_covered": 0.0, "percent_covered_display": "0", "missing_lines": 6, "excluded_lines": 0, "percent_statements_covered": 0.0, "percent_statements_covered_display": "0"}, "missing_lines": [654, 655, 656, 657, 658, 659], "excluded_lines": [], "start_line": 653}, "TrackerDB.add_search_tag": {"executed_lines": [664, 665, 668, 669, 671, 672, 673, 674, 676, 677, 678, 679, 682, 683], "summary": {"covered_lines": 14, "num_statements": 17, "percent_covered": 82.3529411764706, "percent_covered_display": "82", "missing_lines": 3, "excluded_lines": 0, "percent_statements_covered": 82.3529411764706, "percent_statements_covered_display": "82"}, "missing_lines": [666, 680, 681], "excluded_lines": [], "start_line": 663}, "TrackerDB.list_search_tags": {"executed_lines": [686, 687, 688, 689, 695, 699, 700, 701], "summary": {"covered_lines": 8, "num_statements": 8, "percent_covered": 100.0, "percent_covered_display": "100", "missing_lines": 0, "excluded_lines": 0, "percent_statements_covered": 100.0, "percent_statements_covered_display": "100"}, "missing_lines": [], "excluded_lines": [], "start_line": 685}, "TrackerDB.toggle_search_tag": {"executed_lines": [], "summary": {"covered_lines": 0, "num_statements": 5, "percent_covered": 0.0, "percent_covered_display": "0", "missing_lines": 5, "excluded_lines": 0, "percent_statements_covered": 0.0, "percent_statements_covered_display": "0"}, "missing_lines": [704, 705, 706, 707, 708], "excluded_lines": [], "start_line": 703}, "TrackerDB.set_tag_weight": {"executed_lines": [714, 715, 718, 720, 721, 722, 727, 728], "summary": {"covered_lines": 8, "num_statements": 9, "percent_covered": 88.88888888888889, "percent_covered_display": "89", "missing_lines": 1, "excluded_lines": 0, "percent_statements_covered": 88.88888888888889, "percent_statements_covered_display": "89"}, "missing_lines": [716], "excluded_lines": [], "start_line": 712}, "TrackerDB.get_tag_weight": {"executed_lines": [732, 733, 736, 737, 738, 739, 740, 741], "summary": {"covered_lines": 8, "num_statements": 9, "percent_covered": 88.88888888888889, "percent_covered_display": "89", "missing_lines": 1, "excluded_lines": 0, "percent_statements_covered": 88.88888888888889, "percent_statements_covered_display": "89"}, "missing_lines": [734], "excluded_lines": [], "start_line": 730}, "TrackerDB.list_tag_weights": {"executed_lines": [745, 746, 747, 748, 749, 750], "summary": {"covered_lines": 6, "num_statements": 6, "percent_covered": 100.0, "percent_covered_display": "100", "missing_lines": 0, "excluded_lines": 0, "percent_statements_covered": 100.0, "percent_statements_covered_display": "100"}, "missing_lines": [], "excluded_lines": [], "start_line": 743}, "TrackerDB.delete_tag_weight": {"executed_lines": [], "summary": {"covered_lines": 0, "num_statements": 8, "percent_covered": 0.0, "percent_covered_display": "0", "missing_lines": 8, "excluded_lines": 0, "percent_statements_covered": 0.0, "percent_statements_covered_display": "0"}, "missing_lines": [754, 755, 756, 758, 759, 760, 761, 762], "excluded_lines": [], "start_line": 752}, "TrackerDB.create_search_session": {"executed_lines": [768, 769, 770, 775, 776, 777, 778], "summary": {"covered_lines": 7, "num_statements": 7, "percent_covered": 100.0, "percent_covered_display": "100", "missing_lines": 0, "excluded_lines": 0, "percent_statements_covered": 100.0, "percent_statements_covered_display": "100"}, "missing_lines": [], "excluded_lines": [], "start_line": 766}, "TrackerDB.update_search_session": {"executed_lines": [788, 789, 791, 792, 794, 795, 796, 797, 800, 801, 802, 804, 805, 806, 808, 809, 810, 811, 812, 814], "summary": {"covered_lines": 20, "num_statements": 21, "percent_covered": 95.23809523809524, "percent_covered_display": "95", "missing_lines": 1, "excluded_lines": 0, "percent_statements_covered": 95.23809523809524, "percent_statements_covered_display": "95"}, "missing_lines": [798], "excluded_lines": [], "start_line": 780}, "TrackerDB.get_search_session": {"executed_lines": [818, 819, 820, 821, 822, 823, 824, 825, 826, 827, 828], "summary": {"covered_lines": 11, "num_statements": 12, "percent_covered": 91.66666666666667, "percent_covered_display": "92", "missing_lines": 1, "excluded_lines": 0, "percent_statements_covered": 91.66666666666667, "percent_statements_covered_display": "92"}, "missing_lines": [829], "excluded_lines": [], "start_line": 816}, "TrackerDB.create_from_pipeline": {"executed_lines": [842, 843, 846, 849, 862, 865, 875, 877], "summary": {"covered_lines": 8, "num_statements": 8, "percent_covered": 100.0, "percent_covered_display": "100", "missing_lines": 0, "excluded_lines": 0, "percent_statements_covered": 100.0, "percent_statements_covered_display": "100"}, "missing_lines": [], "excluded_lines": [], "start_line": 833}, "TrackerDB.list_all_resumes": {"executed_lines": [885, 886, 887, 892, 893, 894], "summary": {"covered_lines": 6, "num_statements": 6, "percent_covered": 100.0, "percent_covered_display": "100", "missing_lines": 0, "excluded_lines": 0, "percent_statements_covered": 100.0, "percent_statements_covered_display": "100"}, "missing_lines": [], "excluded_lines": [], "start_line": 879}, "TrackerDB.get_next_resume_version": {"executed_lines": [905, 906, 907, 908, 909, 910], "summary": {"covered_lines": 6, "num_statements": 6, "percent_covered": 100.0, "percent_covered_display": "100", "missing_lines": 0, "excluded_lines": 0, "percent_statements_covered": 100.0, "percent_statements_covered_display": "100"}, "missing_lines": [], "excluded_lines": [], "start_line": 896}, "TrackerDB.delete_resume": {"executed_lines": [921, 922, 923, 924, 925, 926, 927, 930, 931, 932, 933, 934, 936, 937, 938, 939], "summary": {"covered_lines": 16, "num_statements": 16, "percent_covered": 100.0, "percent_covered_display": "100", "missing_lines": 0, "excluded_lines": 0, "percent_statements_covered": 100.0, "percent_statements_covered_display": "100"}, "missing_lines": [], "excluded_lines": [], "start_line": 912}, "TrackerDB.is_url_known": {"executed_lines": [950, 951, 952, 953, 954, 955, 956, 957, 958, 959, 960, 961], "summary": {"covered_lines": 12, "num_statements": 12, "percent_covered": 100.0, "percent_covered_display": "100", "missing_lines": 0, "excluded_lines": 0, "percent_statements_covered": 100.0, "percent_statements_covered_display": "100"}, "missing_lines": [], "excluded_lines": [], "start_line": 941}, "TrackerDB.get_dashboard_stats": {"executed_lines": [966, 967, 969, 970, 972, 973, 975, 976, 977, 979, 980, 982, 983], "summary": {"covered_lines": 13, "num_statements": 13, "percent_covered": 100.0, "percent_covered_display": "100", "missing_lines": 0, "excluded_lines": 0, "percent_statements_covered": 100.0, "percent_statements_covered_display": "100"}, "missing_lines": [], "excluded_lines": [], "start_line": 965}, "TrackerDB.create_batch_job": {"executed_lines": [], "summary": {"covered_lines": 0, "num_statements": 11, "percent_covered": 0.0, "percent_covered_display": "0", "missing_lines": 11, "excluded_lines": 0, "percent_statements_covered": 0.0, "percent_statements_covered_display": "0"}, "missing_lines": [1001, 1002, 1003, 1005, 1006, 1007, 1008, 1012, 1013, 1014, 1015], "excluded_lines": [], "start_line": 992}, "TrackerDB.update_batch_job": {"executed_lines": [], "summary": {"covered_lines": 0, "num_statements": 27, "percent_covered": 0.0, "percent_covered_display": "0", "missing_lines": 27, "excluded_lines": 0, "percent_statements_covered": 0.0, "percent_statements_covered_display": "0"}, "missing_lines": [1036, 1037, 1039, 1040, 1042, 1043, 1044, 1045, 1046, 1047, 1048, 1049, 1050, 1051, 1052, 1053, 1054, 1055, 1056, 1058, 1059, 1060, 1062, 1063, 1064, 1065, 1066], "excluded_lines": [], "start_line": 1017}, "TrackerDB.get_batch_status": {"executed_lines": [], "summary": {"covered_lines": 0, "num_statements": 6, "percent_covered": 0.0, "percent_covered_display": "0", "missing_lines": 6, "excluded_lines": 0, "percent_statements_covered": 0.0, "percent_statements_covered_display": "0"}, "missing_lines": [1077, 1078, 1079, 1080, 1081, 1082], "excluded_lines": [], "start_line": 1068}, "TrackerDB.list_batch_jobs": {"executed_lines": [], "summary": {"covered_lines": 0, "num_statements": 6, "percent_covered": 0.0, "percent_covered_display": "0", "missing_lines": 6, "excluded_lines": 0, "percent_statements_covered": 0.0, "percent_statements_covered_display": "0"}, "missing_lines": [1093, 1094, 1095, 1099, 1100, 1101], "excluded_lines": [], "start_line": 1084}, "TrackerDB.create_batch_job_item": {"executed_lines": [], "summary": {"covered_lines": 0, "num_statements": 10, "percent_covered": 0.0, "percent_covered_display": "0", "missing_lines": 10, "excluded_lines": 0, "percent_statements_covered": 0.0, "percent_statements_covered_display": "0"}, "missing_lines": [1125, 1126, 1128, 1129, 1130, 1132, 1138, 1139, 1140, 1141], "excluded_lines": [], "start_line": 1103}, "TrackerDB.list_batch_job_items": {"executed_lines": [], "summary": {"covered_lines": 0, "num_statements": 6, "percent_covered": 0.0, "percent_covered_display": "0", "missing_lines": 6, "excluded_lines": 0, "percent_statements_covered": 0.0, "percent_statements_covered_display": "0"}, "missing_lines": [1152, 1153, 1154, 1158, 1159, 1160], "excluded_lines": [], "start_line": 1143}, "TrackerDB.export_csv": {"executed_lines": [], "summary": {"covered_lines": 0, "num_statements": 10, "percent_covered": 0.0, "percent_covered_display": "0", "missing_lines": 10, "excluded_lines": 0, "percent_statements_covered": 0.0, "percent_statements_covered_display": "0"}, "missing_lines": [1166, 1167, 1168, 1169, 1171, 1172, 1173, 1174, 1175, 1176], "excluded_lines": [], "start_line": 1164}, "TrackerDB.import_csv": {"executed_lines": [], "summary": {"covered_lines": 0, "num_statements": 10, "percent_covered": 0.0, "percent_covered_display": "0", "missing_lines": 10, "excluded_lines": 0, "percent_statements_covered": 0.0, "percent_statements_covered_display": "0"}, "missing_lines": [1180, 1181, 1182, 1183, 1184, 1185, 1186, 1193, 1194, 1195], "excluded_lines": [], "start_line": 1178}, "": {"executed_lines": [3, 5, 6, 7, 8, 9, 10, 11, 13, 24, 29, 39, 44, 233, 304, 307, 313, 317, 347, 348, 373, 385, 399, 414, 436, 447, 476, 491, 501, 520, 537, 547, 559, 571, 592, 653, 663, 685, 703, 712, 730, 743, 752, 766, 780, 816, 833, 879, 896, 912, 941, 965, 992, 1017, 1068, 1084, 1103, 1143, 1164, 1178, 1199], "summary": {"covered_lines": 61, "num_statements": 61, "percent_covered": 100.0, "percent_covered_display": "100", "missing_lines": 0, "excluded_lines": 0, "percent_statements_covered": 100.0, "percent_statements_covered_display": "100"}, "missing_lines": [], "excluded_lines": [], "start_line": 1}}, "classes": {"TrackerDB": {"executed_lines": [308, 309, 310, 311, 315, 325, 330, 333, 334, 345, 360, 361, 362, 363, 364, 365, 366, 367, 369, 374, 375, 376, 380, 381, 382, 383, 386, 387, 388, 389, 390, 391, 392, 393, 394, 395, 396, 397, 415, 416, 417, 431, 432, 433, 434, 437, 438, 439, 443, 444, 445, 453, 454, 455, 460, 461, 462, 463, 464, 467, 470, 471, 472, 473, 474, 479, 480, 481, 482, 483, 484, 488, 489, 502, 503, 505, 506, 507, 508, 509, 510, 511, 512, 513, 514, 515, 516, 521, 522, 523, 532, 533, 534, 535, 538, 539, 540, 541, 542, 543, 548, 549, 550, 556, 557, 560, 561, 562, 565, 566, 567, 572, 573, 574, 575, 576, 585, 586, 587, 588, 589, 590, 609, 610, 611, 612, 614, 615, 616, 617, 619, 620, 621, 623, 624, 625, 627, 628, 629, 631, 632, 633, 634, 645, 647, 648, 649, 650, 651, 664, 665, 668, 669, 671, 672, 673, 674, 676, 677, 678, 679, 682, 683, 686, 687, 688, 689, 695, 699, 700, 701, 714, 715, 718, 720, 721, 722, 727, 728, 732, 733, 736, 737, 738, 739, 740, 741, 745, 746, 747, 748, 749, 750, 768, 769, 770, 775, 776, 777, 778, 788, 789, 791, 792, 794, 795, 796, 797, 800, 801, 802, 804, 805, 806, 808, 809, 810, 811, 812, 814, 818, 819, 820, 821, 822, 823, 824, 825, 826, 827, 828, 842, 843, 846, 849, 862, 865, 875, 877, 885, 886, 887, 892, 893, 894, 905, 906, 907, 908, 909, 910, 921, 922, 923, 924, 925, 926, 927, 930, 931, 932, 933, 934, 936, 937, 938, 939, 950, 951, 952, 953, 954, 955, 956, 957, 958, 959, 960, 961, 966, 967, 969, 970, 972, 973, 975, 976, 977, 979, 980, 982, 983], "summary": {"covered_lines": 292, "num_statements": 418, "percent_covered": 69.85645933014354, "percent_covered_display": "70", "missing_lines": 126, "excluded_lines": 0, "percent_statements_covered": 69.85645933014354, "percent_statements_covered_display": "70"}, "missing_lines": [335, 336, 338, 343, 406, 407, 408, 409, 410, 465, 466, 468, 469, 504, 654, 655, 656, 657, 658, 659, 666, 680, 681, 704, 705, 706, 707, 708, 716, 734, 754, 755, 756, 758, 759, 760, 761, 762, 798, 829, 1001, 1002, 1003, 1005, 1006, 1007, 1008, 1012, 1013, 1014, 1015, 1036, 1037, 1039, 1040, 1042, 1043, 1044, 1045, 1046, 1047, 1048, 1049, 1050, 1051, 1052, 1053, 1054, 1055, 1056, 1058, 1059, 1060, 1062, 1063, 1064, 1065, 1066, 1077, 1078, 1079, 1080, 1081, 1082, 1093, 1094, 1095, 1099, 1100, 1101, 1125, 1126, 1128, 1129, 1130, 1132, 1138, 1139, 1140, 1141, 1152, 1153, 1154, 1158, 1159, 1160, 1166, 1167, 1168, 1169, 1171, 1172, 1173, 1174, 1175, 1176, 1180, 1181, 1182, 1183, 1184, 1185, 1186, 1193, 1194, 1195], "excluded_lines": [], "start_line": 304}, "": {"executed_lines": [3, 5, 6, 7, 8, 9, 10, 11, 13, 24, 25, 26, 29, 31, 32, 33, 35, 36, 39, 41, 44, 46, 48, 50, 51, 53, 64, 90, 105, 116, 131, 138, 148, 161, 162, 163, 165, 177, 178, 180, 192, 199, 210, 223, 224, 226, 227, 230, 233, 235, 236, 237, 240, 241, 243, 244, 245, 246, 247, 248, 255, 256, 257, 258, 259, 265, 266, 268, 269, 270, 271, 272, 273, 278, 279, 280, 281, 282, 283, 288, 289, 290, 291, 292, 293, 298, 304, 307, 313, 317, 347, 348, 373, 385, 399, 414, 436, 447, 476, 491, 501, 520, 537, 547, 559, 571, 592, 653, 663, 685, 703, 712, 730, 743, 752, 766, 780, 816, 833, 879, 896, 912, 941, 965, 992, 1017, 1068, 1084, 1103, 1143, 1164, 1178, 1199], "summary": {"covered_lines": 133, "num_statements": 152, "percent_covered": 87.5, "percent_covered_display": "88", "missing_lines": 19, "excluded_lines": 0, "percent_statements_covered": 87.5, "percent_statements_covered_display": "88"}, "missing_lines": [47, 249, 251, 252, 260, 261, 262, 274, 275, 276, 284, 285, 286, 294, 295, 296, 299, 300, 301], "excluded_lines": [], "start_line": 1}}}}, "totals": {"covered_lines": 1778, "num_statements": 2951, "percent_covered": 60.25076245340563, "percent_covered_display": "60", "missing_lines": 1173, "excluded_lines": 0, "percent_statements_covered": 60.25076245340563, "percent_statements_covered_display": "60"}}