============================= test session starts =============================
platform win32 -- Python 3.14.2, pytest-9.0.2, pluggy-1.6.0
rootdir: X:\projects\jSeeker
configfile: pytest.ini
plugins: anyio-4.12.1, cov-7.0.0
collected 440 items

tests\test_adapter.py ...........                                        [  2%]
tests\test_application_tracker.py ...............                        [  5%]
tests\test_ats_scorer.py .........                                       [  7%]
tests\test_batch_learning.py ...........                                 [ 10%]
tests\test_batch_processor.py .........................                  [ 16%]
tests\test_block_manager.py ........                                     [ 17%]
tests\test_browser_manager.py ...............                            [ 21%]
tests\test_e2e_scenarios.py ...F................                         [ 25%]
tests\test_jd_parser.py ................................................ [ 36%]
............                                                             [ 39%]
tests\test_jd_parser_extended.py ....................                    [ 44%]
tests\test_job_discovery_v2.py ...............                           [ 47%]
tests\test_job_monitor.py .....................                          [ 52%]
tests\test_learning_transparency.py ............                         [ 55%]
tests\test_llm.py ...........................                            [ 61%]
tests\test_matcher.py ..                                                 [ 61%]
tests\test_models.py ..........                                          [ 63%]
tests\test_pdf_formatting.py ............................                [ 70%]
tests\test_pipeline.py ......                                            [ 71%]
tests\test_renderer.py ........................                          [ 77%]
tests\test_resume_library.py ...................                         [ 81%]
tests\test_resume_sources.py ..                                          [ 81%]
tests\test_starred_workflow.py ..........                                [ 84%]
tests\test_style_extractor.py ..............................             [ 90%]
tests\test_tracker.py ........................................           [100%]

================================== FAILURES ===================================
______ TestPDFFormattingE2E.test_language_detection_and_address_routing _______
tests\test_e2e_scenarios.py:299: in test_language_detection_and_address_routing
    assert lang == "fr"
E   AssertionError: assert 'en' == 'fr'
E     
E     - fr
E     + en
=========================== short test summary info ===========================
FAILED tests/test_e2e_scenarios.py::TestPDFFormattingE2E::test_language_detection_and_address_routing
============ 1 failed, 439 passed, 8 warnings in 308.66s (0:05:08) ============
