============================= test session starts =============================
platform win32 -- Python 3.14.2, pytest-9.0.2, pluggy-1.6.0
rootdir: X:\projects\jSeeker
configfile: pytest.ini
plugins: anyio-4.12.1, cov-7.0.0
collected 400 items

tests\test_adapter.py ...........                                        [  2%]
tests\test_application_tracker.py ...............                        [  6%]
tests\test_ats_scorer.py .........                                       [  8%]
tests\test_batch_learning.py ...........                                 [ 11%]
tests\test_batch_processor.py .........................                  [ 17%]
tests\test_block_manager.py ........                                     [ 19%]
tests\test_browser_manager.py ...............                            [ 23%]
tests\test_e2e_scenarios.py ...F................                         [ 28%]
tests\test_jd_parser.py .........................                        [ 34%]
tests\test_jd_parser_extended.py ....................                    [ 39%]
tests\test_job_discovery_v2.py ...............                           [ 43%]
tests\test_job_monitor.py .....................                          [ 48%]
tests\test_learning_transparency.py ............                         [ 51%]
tests\test_llm.py ...........................                            [ 58%]
tests\test_matcher.py ..                                                 [ 59%]
tests\test_models.py ..........                                          [ 61%]
tests\test_pdf_formatting.py ............................                [ 68%]
tests\test_pipeline.py ...                                               [ 69%]
tests\test_renderer.py ......................                            [ 74%]
tests\test_resume_library.py ...................                         [ 79%]
tests\test_resume_sources.py ..                                          [ 80%]
tests\test_starred_workflow.py ..........                                [ 82%]
tests\test_style_extractor.py ..............................             [ 90%]
tests\test_tracker.py ........................................           [100%]

================================== FAILURES ===================================
______ TestPDFFormattingE2E.test_language_detection_and_address_routing _______
tests\test_e2e_scenarios.py:271: in test_language_detection_and_address_routing
    assert lang == "fr"
E   AssertionError: assert 'en' == 'fr'
E     
E     - fr
E     + en
=========================== short test summary info ===========================
FAILED tests/test_e2e_scenarios.py::TestPDFFormattingE2E::test_language_detection_and_address_routing
============ 1 failed, 399 passed, 8 warnings in 314.18s (0:05:14) ============
